<?xml version="1.0" encoding="UTF-8"?>
<testsuites name="Pruebas de login" time="18.533" tests="3" failures="1" errors="0">
   <testsuite name="Pruebas de login" tests="3" failures="1" errors="0" time="18.533" skipped="0" timestamp="2023-04-05 09:56:38" hostname="root - 356099db0afa" id="Test Suites/WebReservaCitas/Pruebas de login">
      <properties>
         <property name="deviceName" value=""/>
         <property name="devicePlatform" value=""/>
         <property name="logFolder" value="/tmp/project/Reports/20230405_095632/WebReservaCitas/Pruebas de login/20230405_095634"/>
         <property name="logFiles" value="/tmp/project/Reports/20230405_095632/WebReservaCitas/Pruebas de login/20230405_095634/execution0.log"/>
         <property name="attachments" value="/tmp/project/Reports/20230405_095632/WebReservaCitas/Pruebas de login/20230405_095634/1680688616526.png, /tmp/project/Reports/20230405_095632/WebReservaCitas/Pruebas de login/20230405_095634/1680688616699.png"/>
         <property name="hostName" value="root - 356099db0afa"/>
         <property name="os" value="Linux 64bit"/>
         <property name="katalonVersion" value="8.6.0.208"/>
         <property name="browser" value="Chrome 111.0.0.0"/>
         <property name="hostAddress" value="172.17.0.2"/>
         <property name="sessionId" value="69ee0d3c287e4f3aa791ff9a1be6722e"/>
         <property name="seleniumVersion" value="3.141.59"/>
         <property name="proxyInformation" value="ProxyInformation { proxyOption=NO_PROXY, proxyServerType=HTTP, username=, password=********, proxyServerAddress=, proxyServerPort=0, executionList=&quot;&quot;, isApplyToDesiredCapabilities=true }"/>
         <property name="platform" value="Linux"/>
      </properties>
      <testcase name="Test Cases/Web reserva de citas/Formulario de Login/Login Autogenerado" time="6.611" classname="Test Cases/Web reserva de citas/Formulario de Login/Login Autogenerado" status="PASSED">
         <system-out><![CDATA[2023-04-05 09:56:38 - [TEST_CASE][PASSED] - Test Cases/Web reserva de citas/Formulario de Login/Login Autogenerado: Test Cases/Web reserva de citas/Formulario de Login/Login Autogenerado

2023-04-05 09:56:39 - [TEST_STEP][PASSED] - openBrowser(""): Browser is opened with url: ''

2023-04-05 09:56:39 - [MESSAGE][INFO] - Starting 'Chrome' driver

2023-04-05 09:56:39 - [MESSAGE][INFO] - Action delay is set to 0 milliseconds

2023-04-05 09:56:40 - [MESSAGE][PASSED] - Browser is opened with url: ''

2023-04-05 09:56:40 - [TEST_STEP][PASSED] - navigateToUrl("https://katalon-demo-cura.herokuapp.com/"): Navigate to 'https://katalon-demo-cura.herokuapp.com/' successfully

2023-04-05 09:56:41 - [MESSAGE][PASSED] - Navigate to 'https://katalon-demo-cura.herokuapp.com/' successfully

2023-04-05 09:56:41 - [TEST_STEP][PASSED] - click(findTestObject("Object Repository/Web reserva de citas/Objetos generados automaticamente/Page_CURA Healthcare Service/a_Make Appointment")): Object: 'Object Repository/Web reserva de citas/Objetos generados automaticamente/Page_CURA Healthcare Service/a_Make Appointment' is clicked on

2023-04-05 09:56:42 - [MESSAGE][PASSED] - Object: 'Object Repository/Web reserva de citas/Objetos generados automaticamente/Page_CURA Healthcare Service/a_Make Appointment' is clicked on

2023-04-05 09:56:42 - [TEST_STEP][PASSED] - setText(findTestObject("Object Repository/Web reserva de citas/Objetos generados automaticamente/Page_CURA Healthcare Service/input_Username_username"), "John Doe"): Text 'John Doe' is set on object 'Object Repository/Web reserva de citas/Objetos generados automaticamente/Page_CURA Healthcare Service/input_Username_username'

2023-04-05 09:56:43 - [MESSAGE][PASSED] - Text 'John Doe' is set on object 'Object Repository/Web reserva de citas/Objetos generados automaticamente/Page_CURA Healthcare Service/input_Username_username'

2023-04-05 09:56:43 - [TEST_STEP][PASSED] - setEncryptedText(findTestObject("Object Repository/Web reserva de citas/Objetos generados automaticamente/Page_CURA Healthcare Service/input_Password_password"), "g3/DOGG74jC3Flrr3yH+3D/yKbOqqUNM"): Text ****** has been set on object 'Object Repository/Web reserva de citas/Objetos generados automaticamente/Page_CURA Healthcare Service/input_Password_password'

2023-04-05 09:56:43 - [MESSAGE][PASSED] - Text ****** has been set on object 'Object Repository/Web reserva de citas/Objetos generados automaticamente/Page_CURA Healthcare Service/input_Password_password'

2023-04-05 09:56:43 - [TEST_STEP][PASSED] - click(findTestObject("Object Repository/Web reserva de citas/Objetos generados automaticamente/Page_CURA Healthcare Service/button_Login")): Object: 'Object Repository/Web reserva de citas/Objetos generados automaticamente/Page_CURA Healthcare Service/button_Login' is clicked on

2023-04-05 09:56:44 - [MESSAGE][PASSED] - Object: 'Object Repository/Web reserva de citas/Objetos generados automaticamente/Page_CURA Healthcare Service/button_Login' is clicked on

2023-04-05 09:56:44 - [TEST_STEP][PASSED] - verifyElementPresent(findTestObject("Object Repository/Web reserva de citas/Objetos generados automaticamente/Page_CURA Healthcare Service/h2_Make Appointment"), 0): Object 'Object Repository/Web reserva de citas/Objetos generados automaticamente/Page_CURA Healthcare Service/h2_Make Appointment' is present

2023-04-05 09:56:44 - [MESSAGE][WARNING] - Timeout '0' is invalid. Using default page load timeout: '30'

2023-04-05 09:56:45 - [MESSAGE][PASSED] - Object 'Object Repository/Web reserva de citas/Objetos generados automaticamente/Page_CURA Healthcare Service/h2_Make Appointment' is present

2023-04-05 09:56:45 - [TEST_STEP][PASSED] - verifyElementText(findTestObject("Object Repository/Web reserva de citas/Objetos generados automaticamente/Page_CURA Healthcare Service/h2_Make Appointment"), "Make Appointment"): Actual text and expected text of test object 'Object Repository/Web reserva de citas/Objetos generados automaticamente/Page_CURA Healthcare Service/h2_Make Appointment' are matched.

2023-04-05 09:56:45 - [MESSAGE][PASSED] - Actual text and expected text of test object 'Object Repository/Web reserva de citas/Objetos generados automaticamente/Page_CURA Healthcare Service/h2_Make Appointment' are matched.

2023-04-05 09:56:45 - [TEST_STEP][PASSED] - closeBrowser(): Browser is closed

2023-04-05 09:56:45 - [MESSAGE][PASSED] - Browser is closed]]></system-out>
         <system-err><![CDATA[]]></system-err>
      </testcase>
      <testcase name="Test Cases/Web reserva de citas/Formulario de Login/Login con usuario correccto" time="6.152" classname="Test Cases/Web reserva de citas/Formulario de Login/Login con usuario correccto" status="PASSED">
         <system-out><![CDATA[2023-04-05 09:56:45 - [TEST_CASE][PASSED] - Test Cases/Web reserva de citas/Formulario de Login/Login con usuario correccto: Test Cases/Web reserva de citas/Formulario de Login/Login con usuario correccto

2023-04-05 09:56:45 - [TEST_STEP][PASSED] - openBrowser(""): Browser is opened with url: ''

2023-04-05 09:56:45 - [MESSAGE][INFO] - Starting 'Chrome' driver

2023-04-05 09:56:45 - [MESSAGE][INFO] - Action delay is set to 0 milliseconds

2023-04-05 09:56:46 - [MESSAGE][PASSED] - Browser is opened with url: ''

2023-04-05 09:56:46 - [TEST_STEP][PASSED] - try: Text of object 'Object Repository/Web reserva de citas/Formulario de Solicitar cita/Título del formulario de solicitar cita' is: 'Make Appointment'

2023-04-05 09:56:46 - [TEST_STEP][PASSED] - navigateToUrl("https://katalon-demo-cura.herokuapp.com/"): Navigate to 'https://katalon-demo-cura.herokuapp.com/' successfully

2023-04-05 09:56:47 - [MESSAGE][PASSED] - Navigate to 'https://katalon-demo-cura.herokuapp.com/' successfully

2023-04-05 09:56:47 - [TEST_STEP][PASSED] - click(findTestObject("Web reserva de citas/Formulario de login/Botón de reservar cita")): Object: 'Object Repository/Web reserva de citas/Formulario de login/Botón de reservar cita' is clicked on

2023-04-05 09:56:47 - [MESSAGE][PASSED] - Object: 'Object Repository/Web reserva de citas/Formulario de login/Botón de reservar cita' is clicked on

2023-04-05 09:56:47 - [TEST_STEP][PASSED] - sendKeys(findTestObject("Web reserva de citas/Formulario de login/Input del nombre del usuario"), nombre_usuario): Keys 'John Doe' sent to object: 'Object Repository/Web reserva de citas/Formulario de login/Input del nombre del usuario'

2023-04-05 09:56:48 - [MESSAGE][PASSED] - Keys 'John Doe' sent to object: 'Object Repository/Web reserva de citas/Formulario de login/Input del nombre del usuario'

2023-04-05 09:56:48 - [TEST_STEP][PASSED] - sendKeys(findTestObject("Web reserva de citas/Formulario de login/Input de la contraseña"), password_usuario): Keys 'ThisIsNotAPassword' sent to object: 'Object Repository/Web reserva de citas/Formulario de login/Input de la contraseña'

2023-04-05 09:56:48 - [MESSAGE][PASSED] - Keys 'ThisIsNotAPassword' sent to object: 'Object Repository/Web reserva de citas/Formulario de login/Input de la contraseña'

2023-04-05 09:56:48 - [TEST_STEP][PASSED] - click(findTestObject("Web reserva de citas/Formulario de login/Botón de login")): Object: 'Object Repository/Web reserva de citas/Formulario de login/Botón de login' is clicked on

2023-04-05 09:56:49 - [MESSAGE][PASSED] - Object: 'Object Repository/Web reserva de citas/Formulario de login/Botón de login' is clicked on

2023-04-05 09:56:49 - [TEST_STEP][PASSED] - click(findTestObject("Web reserva de citas/Menu de la aplicación/Botón mostrar menu")): Object: 'Object Repository/Web reserva de citas/Menu de la aplicación/Botón mostrar menu' is clicked on

2023-04-05 09:56:50 - [MESSAGE][PASSED] - Object: 'Object Repository/Web reserva de citas/Menu de la aplicación/Botón mostrar menu' is clicked on

2023-04-05 09:56:50 - [TEST_STEP][PASSED] - verifyElementPresent(findTestObject("Web reserva de citas/Menu de la aplicación/Botón de logout"), 0): Object 'Object Repository/Web reserva de citas/Menu de la aplicación/Botón de logout' is present

2023-04-05 09:56:50 - [MESSAGE][WARNING] - Timeout '0' is invalid. Using default page load timeout: '30'

2023-04-05 09:56:50 - [MESSAGE][PASSED] - Object 'Object Repository/Web reserva de citas/Menu de la aplicación/Botón de logout' is present

2023-04-05 09:56:50 - [TEST_STEP][PASSED] - texto_enlace_logout = getText(findTestObject("Web reserva de citas/Menu de la aplicación/Botón de logout")): Text of object 'Object Repository/Web reserva de citas/Menu de la aplicación/Botón de logout' is: 'Logout'

2023-04-05 09:56:51 - [MESSAGE][PASSED] - Text of object 'Object Repository/Web reserva de citas/Menu de la aplicación/Botón de logout' is: 'Logout'

2023-04-05 09:56:51 - [TEST_STEP][PASSED] - titulo_formulario_citas = getText(findTestObject("Web reserva de citas/Formulario de Solicitar cita/Título del formulario de solicitar cita")): Text of object 'Object Repository/Web reserva de citas/Formulario de Solicitar cita/Título del formulario de solicitar cita' is: 'Make Appointment'

2023-04-05 09:56:51 - [MESSAGE][PASSED] - Text of object 'Object Repository/Web reserva de citas/Formulario de Solicitar cita/Título del formulario de solicitar cita' is: 'Make Appointment'

2023-04-05 09:56:51 - [TEST_STEP][PASSED] - Finally: Browser is closed

2023-04-05 09:56:51 - [TEST_STEP][PASSED] - closeBrowser(): Browser is closed

2023-04-05 09:56:51 - [MESSAGE][PASSED] - Browser is closed

2023-04-05 09:56:51 - [TEST_STEP][PASSED] - verifyEqual(titulo_formulario_citas, "Make Appointment"): Actual object 'Make Appointment' and expected object 'Make Appointment' are equal

2023-04-05 09:56:51 - [MESSAGE][PASSED] - Actual object 'Make Appointment' and expected object 'Make Appointment' are equal

2023-04-05 09:56:51 - [TEST_STEP][PASSED] - verifyEqual(texto_enlace_logout, "Logout"): Actual object 'Logout' and expected object 'Logout' are equal

2023-04-05 09:56:51 - [MESSAGE][PASSED] - Actual object 'Logout' and expected object 'Logout' are equal]]></system-out>
         <system-err><![CDATA[]]></system-err>
      </testcase>
      <testcase name="Test Cases/Web reserva de citas/Formulario de Login/Login con usuario incorrecto" time="5.354" classname="Test Cases/Web reserva de citas/Formulario de Login/Login con usuario incorrecto" status="FAILED">
         <failure type="FAILED" message="Test Cases/Web reserva de citas/Formulario de Login/Login con usuario incorrecto FAILED.
Reason:
com.kms.katalon.core.exception.StepFailedException: Unable to verify object 'Object Repository/Web reserva de citas/Menu de la aplicación/Botón de logout' is not present
	at com.kms.katalon.core.webui.keyword.internal.WebUIKeywordMain.stepFailed(WebUIKeywordMain.groovy:64)
	at com.kms.katalon.core.webui.keyword.internal.WebUIKeywordMain.runKeyword(WebUIKeywordMain.groovy:26)
	at com.kms.katalon.core.webui.keyword.internal.WebUIKeywordMain$runKeyword.call(Unknown Source)
	at com.kms.katalon.core.webui.keyword.builtin.VerifyElementNotPresentKeyword.verifyElementNotPresent(VerifyElementNotPresentKeyword.groovy:97)
	at com.kms.katalon.core.webui.keyword.builtin.VerifyElementNotPresentKeyword.execute(VerifyElementNotPresentKeyword.groovy:68)
	at com.kms.katalon.core.keyword.internal.KeywordExecutor.executeKeywordForPlatform(KeywordExecutor.groovy:74)
	at com.kms.katalon.core.webui.keyword.WebUiBuiltInKeywords.verifyElementNotPresent(WebUiBuiltInKeywords.groovy:1497)
	at com.kms.katalon.core.webui.keyword.WebUiBuiltInKeywords$verifyElementNotPresent$9.call(Unknown Source)
	at Login con usuario incorrecto.run(Login con usuario incorrecto:43)
	at com.kms.katalon.core.main.ScriptEngine.run(ScriptEngine.java:194)
	at com.kms.katalon.core.main.ScriptEngine.runScriptAsRawText(ScriptEngine.java:119)
	at com.kms.katalon.core.main.TestCaseExecutor.runScript(TestCaseExecutor.java:448)
	at com.kms.katalon.core.main.TestCaseExecutor.doExecute(TestCaseExecutor.java:439)
	at com.kms.katalon.core.main.TestCaseExecutor.processExecutionPhase(TestCaseExecutor.java:418)
	at com.kms.katalon.core.main.TestCaseExecutor.accessMainPhase(TestCaseExecutor.java:410)
	at com.kms.katalon.core.main.TestCaseExecutor.execute(TestCaseExecutor.java:285)
	at com.kms.katalon.core.common.CommonExecutor.accessTestCaseMainPhase(CommonExecutor.java:65)
	at com.kms.katalon.core.main.TestSuiteExecutor.accessTestSuiteMainPhase(TestSuiteExecutor.java:148)
	at com.kms.katalon.core.main.TestSuiteExecutor.execute(TestSuiteExecutor.java:106)
	at com.kms.katalon.core.main.TestCaseMain.startTestSuite(TestCaseMain.java:187)
	at com.kms.katalon.core.main.TestCaseMain$startTestSuite$0.call(Unknown Source)
	at TempTestSuite1680688594005.run(TempTestSuite1680688594005.groovy:36)
Caused by: com.kms.katalon.core.exception.StepFailedException: Web element with id: 'Object Repository/Web reserva de citas/Menu de la aplicación/Botón de logout' located by 'By.xpath: //a[contains(text(),'Logout')]' is present after '30' second(s)
	at com.kms.katalon.core.webui.keyword.internal.WebUIKeywordMain.stepFailed(WebUIKeywordMain.groovy:64)
	at com.kms.katalon.core.webui.keyword.internal.WebUIKeywordMain$stepFailed$0.call(Unknown Source)
	at com.kms.katalon.core.webui.keyword.builtin.VerifyElementNotPresentKeyword$_verifyElementNotPresent_closure1.doCall(VerifyElementNotPresentKeyword.groovy:85)
	at com.kms.katalon.core.webui.keyword.builtin.VerifyElementNotPresentKeyword$_verifyElementNotPresent_closure1.doCall(VerifyElementNotPresentKeyword.groovy)
	at com.kms.katalon.core.webui.keyword.internal.WebUIKeywordMain.runKeyword(WebUIKeywordMain.groovy:20)
	... 20 more
"/>
         <system-out><![CDATA[2023-04-05 09:56:51 - [TEST_CASE][FAILED] - Test Cases/Web reserva de citas/Formulario de Login/Login con usuario incorrecto: Test Cases/Web reserva de citas/Formulario de Login/Login con usuario incorrecto FAILED.
Reason:
com.kms.katalon.core.exception.StepFailedException: Unable to verify object 'Object Repository/Web reserva de citas/Menu de la aplicación/Botón de logout' is not present
	at com.kms.katalon.core.webui.keyword.internal.WebUIKeywordMain.stepFailed(WebUIKeywordMain.groovy:64)
	at com.kms.katalon.core.webui.keyword.internal.WebUIKeywordMain.runKeyword(WebUIKeywordMain.groovy:26)
	at com.kms.katalon.core.webui.keyword.internal.WebUIKeywordMain$runKeyword.call(Unknown Source)
	at com.kms.katalon.core.webui.keyword.builtin.VerifyElementNotPresentKeyword.verifyElementNotPresent(VerifyElementNotPresentKeyword.groovy:97)
	at com.kms.katalon.core.webui.keyword.builtin.VerifyElementNotPresentKeyword.execute(VerifyElementNotPresentKeyword.groovy:68)
	at com.kms.katalon.core.keyword.internal.KeywordExecutor.executeKeywordForPlatform(KeywordExecutor.groovy:74)
	at com.kms.katalon.core.webui.keyword.WebUiBuiltInKeywords.verifyElementNotPresent(WebUiBuiltInKeywords.groovy:1497)
	at com.kms.katalon.core.webui.keyword.WebUiBuiltInKeywords$verifyElementNotPresent$9.call(Unknown Source)
	at Login con usuario incorrecto.run(Login con usuario incorrecto:43)
	at com.kms.katalon.core.main.ScriptEngine.run(ScriptEngine.java:194)
	at com.kms.katalon.core.main.ScriptEngine.runScriptAsRawText(ScriptEngine.java:119)
	at com.kms.katalon.core.main.TestCaseExecutor.runScript(TestCaseExecutor.java:448)
	at com.kms.katalon.core.main.TestCaseExecutor.doExecute(TestCaseExecutor.java:439)
	at com.kms.katalon.core.main.TestCaseExecutor.processExecutionPhase(TestCaseExecutor.java:418)
	at com.kms.katalon.core.main.TestCaseExecutor.accessMainPhase(TestCaseExecutor.java:410)
	at com.kms.katalon.core.main.TestCaseExecutor.execute(TestCaseExecutor.java:285)
	at com.kms.katalon.core.common.CommonExecutor.accessTestCaseMainPhase(CommonExecutor.java:65)
	at com.kms.katalon.core.main.TestSuiteExecutor.accessTestSuiteMainPhase(TestSuiteExecutor.java:148)
	at com.kms.katalon.core.main.TestSuiteExecutor.execute(TestSuiteExecutor.java:106)
	at com.kms.katalon.core.main.TestCaseMain.startTestSuite(TestCaseMain.java:187)
	at com.kms.katalon.core.main.TestCaseMain$startTestSuite$0.call(Unknown Source)
	at TempTestSuite1680688594005.run(TempTestSuite1680688594005.groovy:36)
Caused by: com.kms.katalon.core.exception.StepFailedException: Web element with id: 'Object Repository/Web reserva de citas/Menu de la aplicación/Botón de logout' located by 'By.xpath: //a[contains(text(),'Logout')]' is present after '30' second(s)
	at com.kms.katalon.core.webui.keyword.internal.WebUIKeywordMain.stepFailed(WebUIKeywordMain.groovy:64)
	at com.kms.katalon.core.webui.keyword.internal.WebUIKeywordMain$stepFailed$0.call(Unknown Source)
	at com.kms.katalon.core.webui.keyword.builtin.VerifyElementNotPresentKeyword$_verifyElementNotPresent_closure1.doCall(VerifyElementNotPresentKeyword.groovy:85)
	at com.kms.katalon.core.webui.keyword.builtin.VerifyElementNotPresentKeyword$_verifyElementNotPresent_closure1.doCall(VerifyElementNotPresentKeyword.groovy)
	at com.kms.katalon.core.webui.keyword.internal.WebUIKeywordMain.runKeyword(WebUIKeywordMain.groovy:20)
	... 20 more


2023-04-05 09:56:51 - [TEST_STEP][PASSED] - openBrowser(""): Browser is opened with url: ''

2023-04-05 09:56:51 - [MESSAGE][INFO] - Starting 'Chrome' driver

2023-04-05 09:56:51 - [MESSAGE][INFO] - Action delay is set to 0 milliseconds

2023-04-05 09:56:52 - [MESSAGE][PASSED] - Browser is opened with url: ''

2023-04-05 09:56:52 - [TEST_STEP][FAILED] - try: Unable to verify object 'Object Repository/Web reserva de citas/Menu de la aplicación/Botón de logout' is not present (Root cause: com.kms.katalon.core.exception.StepFailedException: Unable to verify object 'Object Repository/Web reserva de citas/Menu de la aplicación/Botón de logout' is not present
	at com.kms.katalon.core.webui.keyword.internal.WebUIKeywordMain.stepFailed(WebUIKeywordMain.groovy:64)
	at com.kms.katalon.core.webui.keyword.internal.WebUIKeywordMain.runKeyword(WebUIKeywordMain.groovy:26)
	at com.kms.katalon.core.webui.keyword.internal.WebUIKeywordMain$runKeyword.call(Unknown Source)
	at com.kms.katalon.core.webui.keyword.builtin.VerifyElementNotPresentKeyword.verifyElementNotPresent(VerifyElementNotPresentKeyword.groovy:97)
	at com.kms.katalon.core.webui.keyword.builtin.VerifyElementNotPresentKeyword.execute(VerifyElementNotPresentKeyword.groovy:68)
	at com.kms.katalon.core.keyword.internal.KeywordExecutor.executeKeywordForPlatform(KeywordExecutor.groovy:74)
	at com.kms.katalon.core.webui.keyword.WebUiBuiltInKeywords.verifyElementNotPresent(WebUiBuiltInKeywords.groovy:1497)
	at com.kms.katalon.core.webui.keyword.WebUiBuiltInKeywords$verifyElementNotPresent$9.call(Unknown Source)
	at Login con usuario incorrecto.run(Login con usuario incorrecto:43)
	at com.kms.katalon.core.main.ScriptEngine.run(ScriptEngine.java:194)
	at com.kms.katalon.core.main.ScriptEngine.runScriptAsRawText(ScriptEngine.java:119)
	at com.kms.katalon.core.main.TestCaseExecutor.runScript(TestCaseExecutor.java:448)
	at com.kms.katalon.core.main.TestCaseExecutor.doExecute(TestCaseExecutor.java:439)
	at com.kms.katalon.core.main.TestCaseExecutor.processExecutionPhase(TestCaseExecutor.java:418)
	at com.kms.katalon.core.main.TestCaseExecutor.accessMainPhase(TestCaseExecutor.java:410)
	at com.kms.katalon.core.main.TestCaseExecutor.execute(TestCaseExecutor.java:285)
	at com.kms.katalon.core.common.CommonExecutor.accessTestCaseMainPhase(CommonExecutor.java:65)
	at com.kms.katalon.core.main.TestSuiteExecutor.accessTestSuiteMainPhase(TestSuiteExecutor.java:148)
	at com.kms.katalon.core.main.TestSuiteExecutor.execute(TestSuiteExecutor.java:106)
	at com.kms.katalon.core.main.TestCaseMain.startTestSuite(TestCaseMain.java:187)
	at com.kms.katalon.core.main.TestCaseMain$startTestSuite$0.call(Unknown Source)
	at TempTestSuite1680688594005.run(TempTestSuite1680688594005.groovy:36)
Caused by: com.kms.katalon.core.exception.StepFailedException: Web element with id: 'Object Repository/Web reserva de citas/Menu de la aplicación/Botón de logout' located by 'By.xpath: //a[contains(text(),'Logout')]' is present after '30' second(s)
	at com.kms.katalon.core.webui.keyword.internal.WebUIKeywordMain.stepFailed(WebUIKeywordMain.groovy:64)
	at com.kms.katalon.core.webui.keyword.internal.WebUIKeywordMain$stepFailed$0.call(Unknown Source)
	at com.kms.katalon.core.webui.keyword.builtin.VerifyElementNotPresentKeyword$_verifyElementNotPresent_closure1.doCall(VerifyElementNotPresentKeyword.groovy:85)
	at com.kms.katalon.core.webui.keyword.builtin.VerifyElementNotPresentKeyword$_verifyElementNotPresent_closure1.doCall(VerifyElementNotPresentKeyword.groovy)
	at com.kms.katalon.core.webui.keyword.internal.WebUIKeywordMain.runKeyword(WebUIKeywordMain.groovy:20)
	... 20 more
)

2023-04-05 09:56:52 - [TEST_STEP][PASSED] - navigateToUrl("https://katalon-demo-cura.herokuapp.com/"): Navigate to 'https://katalon-demo-cura.herokuapp.com/' successfully

2023-04-05 09:56:53 - [MESSAGE][PASSED] - Navigate to 'https://katalon-demo-cura.herokuapp.com/' successfully

2023-04-05 09:56:53 - [TEST_STEP][PASSED] - click(findTestObject("Web reserva de citas/Formulario de login/Botón de reservar cita")): Object: 'Object Repository/Web reserva de citas/Formulario de login/Botón de reservar cita' is clicked on

2023-04-05 09:56:53 - [MESSAGE][PASSED] - Object: 'Object Repository/Web reserva de citas/Formulario de login/Botón de reservar cita' is clicked on

2023-04-05 09:56:53 - [TEST_STEP][PASSED] - sendKeys(findTestObject("Web reserva de citas/Formulario de login/Input del nombre del usuario"), nombre_usuario): Keys 'John Doe' sent to object: 'Object Repository/Web reserva de citas/Formulario de login/Input del nombre del usuario'

2023-04-05 09:56:54 - [MESSAGE][PASSED] - Keys 'John Doe' sent to object: 'Object Repository/Web reserva de citas/Formulario de login/Input del nombre del usuario'

2023-04-05 09:56:54 - [TEST_STEP][PASSED] - sendKeys(findTestObject("Web reserva de citas/Formulario de login/Input de la contraseña"), password_usuario): Keys 'ThisIsNotAPassword' sent to object: 'Object Repository/Web reserva de citas/Formulario de login/Input de la contraseña'

2023-04-05 09:56:54 - [MESSAGE][PASSED] - Keys 'ThisIsNotAPassword' sent to object: 'Object Repository/Web reserva de citas/Formulario de login/Input de la contraseña'

2023-04-05 09:56:54 - [TEST_STEP][PASSED] - click(findTestObject("Web reserva de citas/Formulario de login/Botón de login")): Object: 'Object Repository/Web reserva de citas/Formulario de login/Botón de login' is clicked on

2023-04-05 09:56:55 - [MESSAGE][PASSED] - Object: 'Object Repository/Web reserva de citas/Formulario de login/Botón de login' is clicked on

2023-04-05 09:56:55 - [TEST_STEP][PASSED] - click(findTestObject("Web reserva de citas/Menu de la aplicación/Botón mostrar menu")): Object: 'Object Repository/Web reserva de citas/Menu de la aplicación/Botón mostrar menu' is clicked on

2023-04-05 09:56:56 - [MESSAGE][PASSED] - Object: 'Object Repository/Web reserva de citas/Menu de la aplicación/Botón mostrar menu' is clicked on

2023-04-05 09:56:56 - [TEST_STEP][FAILED] - verifyElementNotPresent(findTestObject("Web reserva de citas/Menu de la aplicación/Botón de logout"), 0): Unable to verify object 'Object Repository/Web reserva de citas/Menu de la aplicación/Botón de logout' is not present (Root cause: com.kms.katalon.core.exception.StepFailedException: Unable to verify object 'Object Repository/Web reserva de citas/Menu de la aplicación/Botón de logout' is not present
	at com.kms.katalon.core.webui.keyword.internal.WebUIKeywordMain.stepFailed(WebUIKeywordMain.groovy:64)
	at com.kms.katalon.core.webui.keyword.internal.WebUIKeywordMain.runKeyword(WebUIKeywordMain.groovy:26)
	at com.kms.katalon.core.webui.keyword.internal.WebUIKeywordMain$runKeyword.call(Unknown Source)
	at com.kms.katalon.core.webui.keyword.builtin.VerifyElementNotPresentKeyword.verifyElementNotPresent(VerifyElementNotPresentKeyword.groovy:97)
	at com.kms.katalon.core.webui.keyword.builtin.VerifyElementNotPresentKeyword.execute(VerifyElementNotPresentKeyword.groovy:68)
	at com.kms.katalon.core.keyword.internal.KeywordExecutor.executeKeywordForPlatform(KeywordExecutor.groovy:74)
	at com.kms.katalon.core.webui.keyword.WebUiBuiltInKeywords.verifyElementNotPresent(WebUiBuiltInKeywords.groovy:1497)
	at com.kms.katalon.core.webui.keyword.WebUiBuiltInKeywords$verifyElementNotPresent$9.call(Unknown Source)
	at Login con usuario incorrecto.run(Login con usuario incorrecto:43)
	at com.kms.katalon.core.main.ScriptEngine.run(ScriptEngine.java:194)
	at com.kms.katalon.core.main.ScriptEngine.runScriptAsRawText(ScriptEngine.java:119)
	at com.kms.katalon.core.main.TestCaseExecutor.runScript(TestCaseExecutor.java:448)
	at com.kms.katalon.core.main.TestCaseExecutor.doExecute(TestCaseExecutor.java:439)
	at com.kms.katalon.core.main.TestCaseExecutor.processExecutionPhase(TestCaseExecutor.java:418)
	at com.kms.katalon.core.main.TestCaseExecutor.accessMainPhase(TestCaseExecutor.java:410)
	at com.kms.katalon.core.main.TestCaseExecutor.execute(TestCaseExecutor.java:285)
	at com.kms.katalon.core.common.CommonExecutor.accessTestCaseMainPhase(CommonExecutor.java:65)
	at com.kms.katalon.core.main.TestSuiteExecutor.accessTestSuiteMainPhase(TestSuiteExecutor.java:148)
	at com.kms.katalon.core.main.TestSuiteExecutor.execute(TestSuiteExecutor.java:106)
	at com.kms.katalon.core.main.TestCaseMain.startTestSuite(TestCaseMain.java:187)
	at com.kms.katalon.core.main.TestCaseMain$startTestSuite$0.call(Unknown Source)
	at TempTestSuite1680688594005.run(TempTestSuite1680688594005.groovy:36)
Caused by: com.kms.katalon.core.exception.StepFailedException: Web element with id: 'Object Repository/Web reserva de citas/Menu de la aplicación/Botón de logout' located by 'By.xpath: //a[contains(text(),'Logout')]' is present after '30' second(s)
	at com.kms.katalon.core.webui.keyword.internal.WebUIKeywordMain.stepFailed(WebUIKeywordMain.groovy:64)
	at com.kms.katalon.core.webui.keyword.internal.WebUIKeywordMain$stepFailed$0.call(Unknown Source)
	at com.kms.katalon.core.webui.keyword.builtin.VerifyElementNotPresentKeyword$_verifyElementNotPresent_closure1.doCall(VerifyElementNotPresentKeyword.groovy:85)
	at com.kms.katalon.core.webui.keyword.builtin.VerifyElementNotPresentKeyword$_verifyElementNotPresent_closure1.doCall(VerifyElementNotPresentKeyword.groovy)
	at com.kms.katalon.core.webui.keyword.internal.WebUIKeywordMain.runKeyword(WebUIKeywordMain.groovy:20)
	... 20 more
)

2023-04-05 09:56:56 - [MESSAGE][WARNING] - Timeout '0' is invalid. Using default page load timeout: '30'

2023-04-05 09:56:56 - [MESSAGE][FAILED] - Web element with id: 'Object Repository/Web reserva de citas/Menu de la aplicación/Botón de logout' located by 'By.xpath: //a[contains(text(),'Logout')]' is present after '30' second(s) (Root cause: com.kms.katalon.core.exception.StepFailedException: Web element with id: 'Object Repository/Web reserva de citas/Menu de la aplicación/Botón de logout' located by 'By.xpath: //a[contains(text(),'Logout')]' is present after '30' second(s)
	at com.kms.katalon.core.webui.keyword.internal.WebUIKeywordMain.stepFailed(WebUIKeywordMain.groovy:64)
	at com.kms.katalon.core.webui.keyword.internal.WebUIKeywordMain$stepFailed$0.call(Unknown Source)
	at com.kms.katalon.core.webui.keyword.builtin.VerifyElementNotPresentKeyword$_verifyElementNotPresent_closure1.doCall(VerifyElementNotPresentKeyword.groovy:85)
	at com.kms.katalon.core.webui.keyword.builtin.VerifyElementNotPresentKeyword$_verifyElementNotPresent_closure1.doCall(VerifyElementNotPresentKeyword.groovy)
	at com.kms.katalon.core.webui.keyword.internal.WebUIKeywordMain.runKeyword(WebUIKeywordMain.groovy:20)
	at com.kms.katalon.core.webui.keyword.internal.WebUIKeywordMain$runKeyword.call(Unknown Source)
	at com.kms.katalon.core.webui.keyword.builtin.VerifyElementNotPresentKeyword.verifyElementNotPresent(VerifyElementNotPresentKeyword.groovy:97)
	at com.kms.katalon.core.webui.keyword.builtin.VerifyElementNotPresentKeyword.execute(VerifyElementNotPresentKeyword.groovy:68)
	at com.kms.katalon.core.keyword.internal.KeywordExecutor.executeKeywordForPlatform(KeywordExecutor.groovy:74)
	at com.kms.katalon.core.webui.keyword.WebUiBuiltInKeywords.verifyElementNotPresent(WebUiBuiltInKeywords.groovy:1497)
	at com.kms.katalon.core.webui.keyword.WebUiBuiltInKeywords$verifyElementNotPresent$9.call(Unknown Source)
	at Login con usuario incorrecto.run(Login con usuario incorrecto:43)
	at com.kms.katalon.core.main.ScriptEngine.run(ScriptEngine.java:194)
	at com.kms.katalon.core.main.ScriptEngine.runScriptAsRawText(ScriptEngine.java:119)
	at com.kms.katalon.core.main.TestCaseExecutor.runScript(TestCaseExecutor.java:448)
	at com.kms.katalon.core.main.TestCaseExecutor.doExecute(TestCaseExecutor.java:439)
	at com.kms.katalon.core.main.TestCaseExecutor.processExecutionPhase(TestCaseExecutor.java:418)
	at com.kms.katalon.core.main.TestCaseExecutor.accessMainPhase(TestCaseExecutor.java:410)
	at com.kms.katalon.core.main.TestCaseExecutor.execute(TestCaseExecutor.java:285)
	at com.kms.katalon.core.common.CommonExecutor.accessTestCaseMainPhase(CommonExecutor.java:65)
	at com.kms.katalon.core.main.TestSuiteExecutor.accessTestSuiteMainPhase(TestSuiteExecutor.java:148)
	at com.kms.katalon.core.main.TestSuiteExecutor.execute(TestSuiteExecutor.java:106)
	at com.kms.katalon.core.main.TestCaseMain.startTestSuite(TestCaseMain.java:187)
	at com.kms.katalon.core.main.TestCaseMain$startTestSuite$0.call(Unknown Source)
	at TempTestSuite1680688594005.run(TempTestSuite1680688594005.groovy:36)
)
[[ATTACHMENT|/tmp/project/Reports/20230405_095632/WebReservaCitas/Pruebas de login/20230405_095634/1680688616526.png]]

2023-04-05 09:56:56 - [MESSAGE][FAILED] - Unable to verify object 'Object Repository/Web reserva de citas/Menu de la aplicación/Botón de logout' is not present (Root cause: com.kms.katalon.core.exception.StepFailedException: Unable to verify object 'Object Repository/Web reserva de citas/Menu de la aplicación/Botón de logout' is not present
	at com.kms.katalon.core.webui.keyword.internal.WebUIKeywordMain.stepFailed(WebUIKeywordMain.groovy:64)
	at com.kms.katalon.core.webui.keyword.internal.WebUIKeywordMain.runKeyword(WebUIKeywordMain.groovy:26)
	at com.kms.katalon.core.webui.keyword.internal.WebUIKeywordMain$runKeyword.call(Unknown Source)
	at com.kms.katalon.core.webui.keyword.builtin.VerifyElementNotPresentKeyword.verifyElementNotPresent(VerifyElementNotPresentKeyword.groovy:97)
	at com.kms.katalon.core.webui.keyword.builtin.VerifyElementNotPresentKeyword.execute(VerifyElementNotPresentKeyword.groovy:68)
	at com.kms.katalon.core.keyword.internal.KeywordExecutor.executeKeywordForPlatform(KeywordExecutor.groovy:74)
	at com.kms.katalon.core.webui.keyword.WebUiBuiltInKeywords.verifyElementNotPresent(WebUiBuiltInKeywords.groovy:1497)
	at com.kms.katalon.core.webui.keyword.WebUiBuiltInKeywords$verifyElementNotPresent$9.call(Unknown Source)
	at Login con usuario incorrecto.run(Login con usuario incorrecto:43)
	at com.kms.katalon.core.main.ScriptEngine.run(ScriptEngine.java:194)
	at com.kms.katalon.core.main.ScriptEngine.runScriptAsRawText(ScriptEngine.java:119)
	at com.kms.katalon.core.main.TestCaseExecutor.runScript(TestCaseExecutor.java:448)
	at com.kms.katalon.core.main.TestCaseExecutor.doExecute(TestCaseExecutor.java:439)
	at com.kms.katalon.core.main.TestCaseExecutor.processExecutionPhase(TestCaseExecutor.java:418)
	at com.kms.katalon.core.main.TestCaseExecutor.accessMainPhase(TestCaseExecutor.java:410)
	at com.kms.katalon.core.main.TestCaseExecutor.execute(TestCaseExecutor.java:285)
	at com.kms.katalon.core.common.CommonExecutor.accessTestCaseMainPhase(CommonExecutor.java:65)
	at com.kms.katalon.core.main.TestSuiteExecutor.accessTestSuiteMainPhase(TestSuiteExecutor.java:148)
	at com.kms.katalon.core.main.TestSuiteExecutor.execute(TestSuiteExecutor.java:106)
	at com.kms.katalon.core.main.TestCaseMain.startTestSuite(TestCaseMain.java:187)
	at com.kms.katalon.core.main.TestCaseMain$startTestSuite$0.call(Unknown Source)
	at TempTestSuite1680688594005.run(TempTestSuite1680688594005.groovy:36)
Caused by: com.kms.katalon.core.exception.StepFailedException: Web element with id: 'Object Repository/Web reserva de citas/Menu de la aplicación/Botón de logout' located by 'By.xpath: //a[contains(text(),'Logout')]' is present after '30' second(s)
	at com.kms.katalon.core.webui.keyword.internal.WebUIKeywordMain.stepFailed(WebUIKeywordMain.groovy:64)
	at com.kms.katalon.core.webui.keyword.internal.WebUIKeywordMain$stepFailed$0.call(Unknown Source)
	at com.kms.katalon.core.webui.keyword.builtin.VerifyElementNotPresentKeyword$_verifyElementNotPresent_closure1.doCall(VerifyElementNotPresentKeyword.groovy:85)
	at com.kms.katalon.core.webui.keyword.builtin.VerifyElementNotPresentKeyword$_verifyElementNotPresent_closure1.doCall(VerifyElementNotPresentKeyword.groovy)
	at com.kms.katalon.core.webui.keyword.internal.WebUIKeywordMain.runKeyword(WebUIKeywordMain.groovy:20)
	... 20 more
)
[[ATTACHMENT|/tmp/project/Reports/20230405_095632/WebReservaCitas/Pruebas de login/20230405_095634/1680688616699.png]]

2023-04-05 09:56:56 - [TEST_STEP][PASSED] - Finally: Browser is closed

2023-04-05 09:56:56 - [TEST_STEP][PASSED] - closeBrowser(): Browser is closed

2023-04-05 09:56:56 - [MESSAGE][PASSED] - Browser is closed]]></system-out>
         <system-err><![CDATA[2023-04-05 09:56:51 - [TEST_CASE][FAILED] - Test Cases/Web reserva de citas/Formulario de Login/Login con usuario incorrecto: Test Cases/Web reserva de citas/Formulario de Login/Login con usuario incorrecto FAILED.
Reason:
com.kms.katalon.core.exception.StepFailedException: Unable to verify object 'Object Repository/Web reserva de citas/Menu de la aplicación/Botón de logout' is not present
	at com.kms.katalon.core.webui.keyword.internal.WebUIKeywordMain.stepFailed(WebUIKeywordMain.groovy:64)
	at com.kms.katalon.core.webui.keyword.internal.WebUIKeywordMain.runKeyword(WebUIKeywordMain.groovy:26)
	at com.kms.katalon.core.webui.keyword.internal.WebUIKeywordMain$runKeyword.call(Unknown Source)
	at com.kms.katalon.core.webui.keyword.builtin.VerifyElementNotPresentKeyword.verifyElementNotPresent(VerifyElementNotPresentKeyword.groovy:97)
	at com.kms.katalon.core.webui.keyword.builtin.VerifyElementNotPresentKeyword.execute(VerifyElementNotPresentKeyword.groovy:68)
	at com.kms.katalon.core.keyword.internal.KeywordExecutor.executeKeywordForPlatform(KeywordExecutor.groovy:74)
	at com.kms.katalon.core.webui.keyword.WebUiBuiltInKeywords.verifyElementNotPresent(WebUiBuiltInKeywords.groovy:1497)
	at com.kms.katalon.core.webui.keyword.WebUiBuiltInKeywords$verifyElementNotPresent$9.call(Unknown Source)
	at Login con usuario incorrecto.run(Login con usuario incorrecto:43)
	at com.kms.katalon.core.main.ScriptEngine.run(ScriptEngine.java:194)
	at com.kms.katalon.core.main.ScriptEngine.runScriptAsRawText(ScriptEngine.java:119)
	at com.kms.katalon.core.main.TestCaseExecutor.runScript(TestCaseExecutor.java:448)
	at com.kms.katalon.core.main.TestCaseExecutor.doExecute(TestCaseExecutor.java:439)
	at com.kms.katalon.core.main.TestCaseExecutor.processExecutionPhase(TestCaseExecutor.java:418)
	at com.kms.katalon.core.main.TestCaseExecutor.accessMainPhase(TestCaseExecutor.java:410)
	at com.kms.katalon.core.main.TestCaseExecutor.execute(TestCaseExecutor.java:285)
	at com.kms.katalon.core.common.CommonExecutor.accessTestCaseMainPhase(CommonExecutor.java:65)
	at com.kms.katalon.core.main.TestSuiteExecutor.accessTestSuiteMainPhase(TestSuiteExecutor.java:148)
	at com.kms.katalon.core.main.TestSuiteExecutor.execute(TestSuiteExecutor.java:106)
	at com.kms.katalon.core.main.TestCaseMain.startTestSuite(TestCaseMain.java:187)
	at com.kms.katalon.core.main.TestCaseMain$startTestSuite$0.call(Unknown Source)
	at TempTestSuite1680688594005.run(TempTestSuite1680688594005.groovy:36)
Caused by: com.kms.katalon.core.exception.StepFailedException: Web element with id: 'Object Repository/Web reserva de citas/Menu de la aplicación/Botón de logout' located by 'By.xpath: //a[contains(text(),'Logout')]' is present after '30' second(s)
	at com.kms.katalon.core.webui.keyword.internal.WebUIKeywordMain.stepFailed(WebUIKeywordMain.groovy:64)
	at com.kms.katalon.core.webui.keyword.internal.WebUIKeywordMain$stepFailed$0.call(Unknown Source)
	at com.kms.katalon.core.webui.keyword.builtin.VerifyElementNotPresentKeyword$_verifyElementNotPresent_closure1.doCall(VerifyElementNotPresentKeyword.groovy:85)
	at com.kms.katalon.core.webui.keyword.builtin.VerifyElementNotPresentKeyword$_verifyElementNotPresent_closure1.doCall(VerifyElementNotPresentKeyword.groovy)
	at com.kms.katalon.core.webui.keyword.internal.WebUIKeywordMain.runKeyword(WebUIKeywordMain.groovy:20)
	... 20 more]]></system-err>
      </testcase>
      <system-out><![CDATA[2023-04-05 09:56:38 - [TEST_SUITE][FAILED] - Pruebas de login: Test Cases/Web reserva de citas/Formulario de Login/Login con usuario incorrecto FAILED.
Reason:
com.kms.katalon.core.exception.StepFailedException: Unable to verify object 'Object Repository/Web reserva de citas/Menu de la aplicación/Botón de logout' is not present
	at com.kms.katalon.core.webui.keyword.internal.WebUIKeywordMain.stepFailed(WebUIKeywordMain.groovy:64)
	at com.kms.katalon.core.webui.keyword.internal.WebUIKeywordMain.runKeyword(WebUIKeywordMain.groovy:26)
	at com.kms.katalon.core.webui.keyword.internal.WebUIKeywordMain$runKeyword.call(Unknown Source)
	at com.kms.katalon.core.webui.keyword.builtin.VerifyElementNotPresentKeyword.verifyElementNotPresent(VerifyElementNotPresentKeyword.groovy:97)
	at com.kms.katalon.core.webui.keyword.builtin.VerifyElementNotPresentKeyword.execute(VerifyElementNotPresentKeyword.groovy:68)
	at com.kms.katalon.core.keyword.internal.KeywordExecutor.executeKeywordForPlatform(KeywordExecutor.groovy:74)
	at com.kms.katalon.core.webui.keyword.WebUiBuiltInKeywords.verifyElementNotPresent(WebUiBuiltInKeywords.groovy:1497)
	at com.kms.katalon.core.webui.keyword.WebUiBuiltInKeywords$verifyElementNotPresent$9.call(Unknown Source)
	at Login con usuario incorrecto.run(Login con usuario incorrecto:43)
	at com.kms.katalon.core.main.ScriptEngine.run(ScriptEngine.java:194)
	at com.kms.katalon.core.main.ScriptEngine.runScriptAsRawText(ScriptEngine.java:119)
	at com.kms.katalon.core.main.TestCaseExecutor.runScript(TestCaseExecutor.java:448)
	at com.kms.katalon.core.main.TestCaseExecutor.doExecute(TestCaseExecutor.java:439)
	at com.kms.katalon.core.main.TestCaseExecutor.processExecutionPhase(TestCaseExecutor.java:418)
	at com.kms.katalon.core.main.TestCaseExecutor.accessMainPhase(TestCaseExecutor.java:410)
	at com.kms.katalon.core.main.TestCaseExecutor.execute(TestCaseExecutor.java:285)
	at com.kms.katalon.core.common.CommonExecutor.accessTestCaseMainPhase(CommonExecutor.java:65)
	at com.kms.katalon.core.main.TestSuiteExecutor.accessTestSuiteMainPhase(TestSuiteExecutor.java:148)
	at com.kms.katalon.core.main.TestSuiteExecutor.execute(TestSuiteExecutor.java:106)
	at com.kms.katalon.core.main.TestCaseMain.startTestSuite(TestCaseMain.java:187)
	at com.kms.katalon.core.main.TestCaseMain$startTestSuite$0.call(Unknown Source)
	at TempTestSuite1680688594005.run(TempTestSuite1680688594005.groovy:36)
Caused by: com.kms.katalon.core.exception.StepFailedException: Web element with id: 'Object Repository/Web reserva de citas/Menu de la aplicación/Botón de logout' located by 'By.xpath: //a[contains(text(),'Logout')]' is present after '30' second(s)
	at com.kms.katalon.core.webui.keyword.internal.WebUIKeywordMain.stepFailed(WebUIKeywordMain.groovy:64)
	at com.kms.katalon.core.webui.keyword.internal.WebUIKeywordMain$stepFailed$0.call(Unknown Source)
	at com.kms.katalon.core.webui.keyword.builtin.VerifyElementNotPresentKeyword$_verifyElementNotPresent_closure1.doCall(VerifyElementNotPresentKeyword.groovy:85)
	at com.kms.katalon.core.webui.keyword.builtin.VerifyElementNotPresentKeyword$_verifyElementNotPresent_closure1.doCall(VerifyElementNotPresentKeyword.groovy)
	at com.kms.katalon.core.webui.keyword.internal.WebUIKeywordMain.runKeyword(WebUIKeywordMain.groovy:20)
	... 20 more]]></system-out>
      <system-err><![CDATA[2023-04-05 09:56:38 - [TEST_SUITE][FAILED] - Pruebas de login: Test Cases/Web reserva de citas/Formulario de Login/Login con usuario incorrecto FAILED.
Reason:
com.kms.katalon.core.exception.StepFailedException: Unable to verify object 'Object Repository/Web reserva de citas/Menu de la aplicación/Botón de logout' is not present
	at com.kms.katalon.core.webui.keyword.internal.WebUIKeywordMain.stepFailed(WebUIKeywordMain.groovy:64)
	at com.kms.katalon.core.webui.keyword.internal.WebUIKeywordMain.runKeyword(WebUIKeywordMain.groovy:26)
	at com.kms.katalon.core.webui.keyword.internal.WebUIKeywordMain$runKeyword.call(Unknown Source)
	at com.kms.katalon.core.webui.keyword.builtin.VerifyElementNotPresentKeyword.verifyElementNotPresent(VerifyElementNotPresentKeyword.groovy:97)
	at com.kms.katalon.core.webui.keyword.builtin.VerifyElementNotPresentKeyword.execute(VerifyElementNotPresentKeyword.groovy:68)
	at com.kms.katalon.core.keyword.internal.KeywordExecutor.executeKeywordForPlatform(KeywordExecutor.groovy:74)
	at com.kms.katalon.core.webui.keyword.WebUiBuiltInKeywords.verifyElementNotPresent(WebUiBuiltInKeywords.groovy:1497)
	at com.kms.katalon.core.webui.keyword.WebUiBuiltInKeywords$verifyElementNotPresent$9.call(Unknown Source)
	at Login con usuario incorrecto.run(Login con usuario incorrecto:43)
	at com.kms.katalon.core.main.ScriptEngine.run(ScriptEngine.java:194)
	at com.kms.katalon.core.main.ScriptEngine.runScriptAsRawText(ScriptEngine.java:119)
	at com.kms.katalon.core.main.TestCaseExecutor.runScript(TestCaseExecutor.java:448)
	at com.kms.katalon.core.main.TestCaseExecutor.doExecute(TestCaseExecutor.java:439)
	at com.kms.katalon.core.main.TestCaseExecutor.processExecutionPhase(TestCaseExecutor.java:418)
	at com.kms.katalon.core.main.TestCaseExecutor.accessMainPhase(TestCaseExecutor.java:410)
	at com.kms.katalon.core.main.TestCaseExecutor.execute(TestCaseExecutor.java:285)
	at com.kms.katalon.core.common.CommonExecutor.accessTestCaseMainPhase(CommonExecutor.java:65)
	at com.kms.katalon.core.main.TestSuiteExecutor.accessTestSuiteMainPhase(TestSuiteExecutor.java:148)
	at com.kms.katalon.core.main.TestSuiteExecutor.execute(TestSuiteExecutor.java:106)
	at com.kms.katalon.core.main.TestCaseMain.startTestSuite(TestCaseMain.java:187)
	at com.kms.katalon.core.main.TestCaseMain$startTestSuite$0.call(Unknown Source)
	at TempTestSuite1680688594005.run(TempTestSuite1680688594005.groovy:36)
Caused by: com.kms.katalon.core.exception.StepFailedException: Web element with id: 'Object Repository/Web reserva de citas/Menu de la aplicación/Botón de logout' located by 'By.xpath: //a[contains(text(),'Logout')]' is present after '30' second(s)
	at com.kms.katalon.core.webui.keyword.internal.WebUIKeywordMain.stepFailed(WebUIKeywordMain.groovy:64)
	at com.kms.katalon.core.webui.keyword.internal.WebUIKeywordMain$stepFailed$0.call(Unknown Source)
	at com.kms.katalon.core.webui.keyword.builtin.VerifyElementNotPresentKeyword$_verifyElementNotPresent_closure1.doCall(VerifyElementNotPresentKeyword.groovy:85)
	at com.kms.katalon.core.webui.keyword.builtin.VerifyElementNotPresentKeyword$_verifyElementNotPresent_closure1.doCall(VerifyElementNotPresentKeyword.groovy)
	at com.kms.katalon.core.webui.keyword.internal.WebUIKeywordMain.runKeyword(WebUIKeywordMain.groovy:20)
	... 20 more]]></system-err>
   </testsuite>
</testsuites>
