<?xml version="1.0" encoding="UTF-8"?>
<testsuites name="Pruebas de login" time="68.073" tests="3" failures="1" errors="0">
   <testsuite name="Pruebas de login" tests="3" failures="1" errors="0" time="68.073" skipped="0" timestamp="2023-04-05 11:58:46" hostname="ivano - SurfaceBookIvan" id="Test Suites/WebReservaCitas/Pruebas de login">
      <properties>
         <property name="deviceName" value=""/>
         <property name="devicePlatform" value=""/>
         <property name="logFolder" value="C:\\Users\\ivano\\git\\pruebasKatalon\\Reports\\20230405_115836\\WebReservaCitas\\Pruebas de login\\20230405_115836"/>
         <property name="logFiles" value="C:\\Users\\ivano\\git\\pruebasKatalon\\Reports\\20230405_115836\\WebReservaCitas\\Pruebas de login\\20230405_115836\\execution0.log"/>
         <property name="attachments" value="C:\\Users\\ivano\\git\\pruebasKatalon\\Reports\\20230405_115836\\WebReservaCitas\\Pruebas de login\\20230405_115836\\1680688761805.png, C:\\Users\\ivano\\git\\pruebasKatalon\\Reports\\20230405_115836\\WebReservaCitas\\Pruebas de login\\20230405_115836\\1680688762298.png, C:\\Users\\ivano\\git\\pruebasKatalon\\Reports\\20230405_115836\\WebReservaCitas\\Pruebas de login\\20230405_115836\\1680688772149.png, C:\\Users\\ivano\\git\\pruebasKatalon\\Reports\\20230405_115836\\WebReservaCitas\\Pruebas de login\\20230405_115836\\1680688772653.png, C:\\Users\\ivano\\git\\pruebasKatalon\\Reports\\20230405_115836\\WebReservaCitas\\Pruebas de login\\20230405_115836\\1680688782562.png, C:\\Users\\ivano\\git\\pruebasKatalon\\Reports\\20230405_115836\\WebReservaCitas\\Pruebas de login\\20230405_115836\\1680688783006.png, C:\\Users\\ivano\\git\\pruebasKatalon\\Reports\\20230405_115836\\WebReservaCitas\\Pruebas de login\\20230405_115836\\1680688792363.png, C:\\Users\\ivano\\git\\pruebasKatalon\\Reports\\20230405_115836\\WebReservaCitas\\Pruebas de login\\20230405_115836\\1680688792853.png"/>
         <property name="hostName" value="ivano - SurfaceBookIvan"/>
         <property name="os" value="Windows 10 64bit"/>
         <property name="katalonVersion" value="8.6.0.208"/>
         <property name="browser" value="Chrome 111.0.0.0"/>
         <property name="hostAddress" value="192.168.1.49"/>
         <property name="sessionId" value="39610a601ff2d6fc87766d13e915e445"/>
         <property name="seleniumVersion" value="3.141.59"/>
         <property name="proxyInformation" value="ProxyInformation { proxyOption=NO_PROXY, proxyServerType=HTTP, username=, password=********, proxyServerAddress=, proxyServerPort=0, executionList=&quot;&quot;, isApplyToDesiredCapabilities=true }"/>
         <property name="platform" value="Windows 10"/>
      </properties>
      <testcase name="Test Cases/Web reserva de citas/Formulario de Login/Login Autogenerado" time="14.493" classname="Test Cases/Web reserva de citas/Formulario de Login/Login Autogenerado" status="PASSED">
         <system-out><![CDATA[2023-04-05 11:58:47 - [TEST_CASE][PASSED] - Test Cases/Web reserva de citas/Formulario de Login/Login Autogenerado: Test Cases/Web reserva de citas/Formulario de Login/Login Autogenerado

2023-04-05 11:58:48 - [TEST_STEP][PASSED] - openBrowser(""): Browser is opened with url: ''

2023-04-05 11:58:48 - [MESSAGE][INFO] - Starting 'Chrome' driver

2023-04-05 11:58:48 - [MESSAGE][INFO] - Action delay is set to 0 milliseconds

2023-04-05 11:58:53 - [MESSAGE][PASSED] - Browser is opened with url: ''

2023-04-05 11:58:53 - [TEST_STEP][PASSED] - navigateToUrl("https://katalon-demo-cura.herokuapp.com/"): Navigate to 'https://katalon-demo-cura.herokuapp.com/' successfully

2023-04-05 11:58:54 - [MESSAGE][PASSED] - Navigate to 'https://katalon-demo-cura.herokuapp.com/' successfully

2023-04-05 11:58:54 - [TEST_STEP][PASSED] - click(findTestObject("Object Repository/Web reserva de citas/Objetos generados automaticamente/Page_CURA Healthcare Service/a_Make Appointment")): Object: 'Object Repository/Web reserva de citas/Objetos generados automaticamente/Page_CURA Healthcare Service/a_Make Appointment' is clicked on

2023-04-05 11:58:56 - [MESSAGE][PASSED] - Object: 'Object Repository/Web reserva de citas/Objetos generados automaticamente/Page_CURA Healthcare Service/a_Make Appointment' is clicked on

2023-04-05 11:58:56 - [TEST_STEP][PASSED] - setText(findTestObject("Object Repository/Web reserva de citas/Objetos generados automaticamente/Page_CURA Healthcare Service/input_Username_username"), "John Doe"): Text 'John Doe' is set on object 'Object Repository/Web reserva de citas/Objetos generados automaticamente/Page_CURA Healthcare Service/input_Username_username'

2023-04-05 11:58:57 - [MESSAGE][PASSED] - Text 'John Doe' is set on object 'Object Repository/Web reserva de citas/Objetos generados automaticamente/Page_CURA Healthcare Service/input_Username_username'

2023-04-05 11:58:57 - [TEST_STEP][PASSED] - setEncryptedText(findTestObject("Object Repository/Web reserva de citas/Objetos generados automaticamente/Page_CURA Healthcare Service/input_Password_password"), "g3/DOGG74jC3Flrr3yH+3D/yKbOqqUNM"): Text ****** has been set on object 'Object Repository/Web reserva de citas/Objetos generados automaticamente/Page_CURA Healthcare Service/input_Password_password'

2023-04-05 11:58:58 - [MESSAGE][PASSED] - Text ****** has been set on object 'Object Repository/Web reserva de citas/Objetos generados automaticamente/Page_CURA Healthcare Service/input_Password_password'

2023-04-05 11:58:58 - [TEST_STEP][PASSED] - click(findTestObject("Object Repository/Web reserva de citas/Objetos generados automaticamente/Page_CURA Healthcare Service/button_Login")): Object: 'Object Repository/Web reserva de citas/Objetos generados automaticamente/Page_CURA Healthcare Service/button_Login' is clicked on

2023-04-05 11:58:59 - [MESSAGE][PASSED] - Object: 'Object Repository/Web reserva de citas/Objetos generados automaticamente/Page_CURA Healthcare Service/button_Login' is clicked on

2023-04-05 11:58:59 - [TEST_STEP][PASSED] - verifyElementPresent(findTestObject("Object Repository/Web reserva de citas/Objetos generados automaticamente/Page_CURA Healthcare Service/h2_Make Appointment"), 0): Object 'Object Repository/Web reserva de citas/Objetos generados automaticamente/Page_CURA Healthcare Service/h2_Make Appointment' is present

2023-04-05 11:58:59 - [MESSAGE][WARNING] - Timeout '0' is invalid. Using default page load timeout: '30'

2023-04-05 11:58:59 - [MESSAGE][PASSED] - Object 'Object Repository/Web reserva de citas/Objetos generados automaticamente/Page_CURA Healthcare Service/h2_Make Appointment' is present

2023-04-05 11:58:59 - [TEST_STEP][PASSED] - verifyElementText(findTestObject("Object Repository/Web reserva de citas/Objetos generados automaticamente/Page_CURA Healthcare Service/h2_Make Appointment"), "Make Appointment"): Actual text and expected text of test object 'Object Repository/Web reserva de citas/Objetos generados automaticamente/Page_CURA Healthcare Service/h2_Make Appointment' are matched.

2023-04-05 11:59:00 - [MESSAGE][PASSED] - Actual text and expected text of test object 'Object Repository/Web reserva de citas/Objetos generados automaticamente/Page_CURA Healthcare Service/h2_Make Appointment' are matched.

2023-04-05 11:59:00 - [TEST_STEP][PASSED] - closeBrowser(): Browser is closed

2023-04-05 11:59:01 - [MESSAGE][PASSED] - Browser is closed]]></system-out>
         <system-err><![CDATA[]]></system-err>
      </testcase>
      <testcase name="Test Cases/Web reserva de citas/Formulario de Login/Login con usuario correccto" time="11.335" classname="Test Cases/Web reserva de citas/Formulario de Login/Login con usuario correccto" status="PASSED">
         <system-out><![CDATA[2023-04-05 11:59:01 - [TEST_CASE][PASSED] - Test Cases/Web reserva de citas/Formulario de Login/Login con usuario correccto: Test Cases/Web reserva de citas/Formulario de Login/Login con usuario correccto

2023-04-05 11:59:02 - [TEST_STEP][PASSED] - openBrowser(""): Browser is opened with url: ''

2023-04-05 11:59:02 - [MESSAGE][INFO] - Starting 'Chrome' driver

2023-04-05 11:59:02 - [MESSAGE][INFO] - Action delay is set to 0 milliseconds

2023-04-05 11:59:04 - [MESSAGE][PASSED] - Browser is opened with url: ''

2023-04-05 11:59:04 - [TEST_STEP][PASSED] - try: Text of object 'Object Repository/Web reserva de citas/Formulario de Solicitar cita/Título del formulario de solicitar cita' is: 'Make Appointment'

2023-04-05 11:59:04 - [TEST_STEP][PASSED] - navigateToUrl("https://katalon-demo-cura.herokuapp.com/"): Navigate to 'https://katalon-demo-cura.herokuapp.com/' successfully

2023-04-05 11:59:06 - [MESSAGE][PASSED] - Navigate to 'https://katalon-demo-cura.herokuapp.com/' successfully

2023-04-05 11:59:06 - [TEST_STEP][PASSED] - click(findTestObject("Web reserva de citas/Formulario de login/Botón de reservar cita")): Object: 'Object Repository/Web reserva de citas/Formulario de login/Botón de reservar cita' is clicked on

2023-04-05 11:59:07 - [MESSAGE][PASSED] - Object: 'Object Repository/Web reserva de citas/Formulario de login/Botón de reservar cita' is clicked on

2023-04-05 11:59:07 - [TEST_STEP][PASSED] - sendKeys(findTestObject("Web reserva de citas/Formulario de login/Input del nombre del usuario"), nombre_usuario): Keys 'John Doe' sent to object: 'Object Repository/Web reserva de citas/Formulario de login/Input del nombre del usuario'

2023-04-05 11:59:07 - [MESSAGE][PASSED] - Keys 'John Doe' sent to object: 'Object Repository/Web reserva de citas/Formulario de login/Input del nombre del usuario'

2023-04-05 11:59:07 - [TEST_STEP][PASSED] - sendKeys(findTestObject("Web reserva de citas/Formulario de login/Input de la contraseña"), password_usuario): Keys 'ThisIsNotAPassword' sent to object: 'Object Repository/Web reserva de citas/Formulario de login/Input de la contraseña'

2023-04-05 11:59:08 - [MESSAGE][PASSED] - Keys 'ThisIsNotAPassword' sent to object: 'Object Repository/Web reserva de citas/Formulario de login/Input de la contraseña'

2023-04-05 11:59:08 - [TEST_STEP][PASSED] - click(findTestObject("Web reserva de citas/Formulario de login/Botón de login")): Object: 'Object Repository/Web reserva de citas/Formulario de login/Botón de login' is clicked on

2023-04-05 11:59:09 - [MESSAGE][PASSED] - Object: 'Object Repository/Web reserva de citas/Formulario de login/Botón de login' is clicked on

2023-04-05 11:59:09 - [TEST_STEP][PASSED] - click(findTestObject("Web reserva de citas/Menu de la aplicación/Botón mostrar menu")): Object: 'Object Repository/Web reserva de citas/Menu de la aplicación/Botón mostrar menu' is clicked on

2023-04-05 11:59:10 - [MESSAGE][PASSED] - Object: 'Object Repository/Web reserva de citas/Menu de la aplicación/Botón mostrar menu' is clicked on

2023-04-05 11:59:10 - [TEST_STEP][PASSED] - verifyElementPresent(findTestObject("Web reserva de citas/Menu de la aplicación/Botón de logout"), 0): Object 'Object Repository/Web reserva de citas/Menu de la aplicación/Botón de logout' is present

2023-04-05 11:59:10 - [MESSAGE][WARNING] - Timeout '0' is invalid. Using default page load timeout: '30'

2023-04-05 11:59:10 - [MESSAGE][PASSED] - Object 'Object Repository/Web reserva de citas/Menu de la aplicación/Botón de logout' is present

2023-04-05 11:59:10 - [TEST_STEP][PASSED] - texto_enlace_logout = getText(findTestObject("Web reserva de citas/Menu de la aplicación/Botón de logout")): Text of object 'Object Repository/Web reserva de citas/Menu de la aplicación/Botón de logout' is: 'Logout'

2023-04-05 11:59:11 - [MESSAGE][PASSED] - Text of object 'Object Repository/Web reserva de citas/Menu de la aplicación/Botón de logout' is: 'Logout'

2023-04-05 11:59:11 - [TEST_STEP][PASSED] - titulo_formulario_citas = getText(findTestObject("Web reserva de citas/Formulario de Solicitar cita/Título del formulario de solicitar cita")): Text of object 'Object Repository/Web reserva de citas/Formulario de Solicitar cita/Título del formulario de solicitar cita' is: 'Make Appointment'

2023-04-05 11:59:11 - [MESSAGE][PASSED] - Text of object 'Object Repository/Web reserva de citas/Formulario de Solicitar cita/Título del formulario de solicitar cita' is: 'Make Appointment'

2023-04-05 11:59:11 - [TEST_STEP][PASSED] - Finally: Browser is closed

2023-04-05 11:59:11 - [TEST_STEP][PASSED] - closeBrowser(): Browser is closed

2023-04-05 11:59:12 - [MESSAGE][PASSED] - Browser is closed

2023-04-05 11:59:12 - [TEST_STEP][PASSED] - verifyEqual(titulo_formulario_citas, "Make Appointment"): Actual object 'Make Appointment' and expected object 'Make Appointment' are equal

2023-04-05 11:59:13 - [MESSAGE][PASSED] - Actual object 'Make Appointment' and expected object 'Make Appointment' are equal

2023-04-05 11:59:13 - [TEST_STEP][PASSED] - verifyEqual(texto_enlace_logout, "Logout"): Actual object 'Logout' and expected object 'Logout' are equal

2023-04-05 11:59:13 - [MESSAGE][PASSED] - Actual object 'Logout' and expected object 'Logout' are equal]]></system-out>
         <system-err><![CDATA[]]></system-err>
      </testcase>
      <testcase name="Test Cases/Web reserva de citas/Formulario de Login/Login con usuario incorrecto" time="9.906" classname="Test Cases/Web reserva de citas/Formulario de Login/Login con usuario incorrecto" status="FAILED">
         <failure type="FAILED" message="Test Cases/Web reserva de citas/Formulario de Login/Login con usuario incorrecto FAILED.
Reason:
com.kms.katalon.core.exception.StepFailedException: Unable to verify object 'Object Repository/Web reserva de citas/Menu de la aplicación/Botón de logout' is not present
	at com.kms.katalon.core.webui.keyword.internal.WebUIKeywordMain.stepFailed(WebUIKeywordMain.groovy:64)
	at com.kms.katalon.core.webui.keyword.internal.WebUIKeywordMain.runKeyword(WebUIKeywordMain.groovy:26)
	at com.kms.katalon.core.webui.keyword.internal.WebUIKeywordMain$runKeyword.call(Unknown Source)
	at com.kms.katalon.core.webui.keyword.builtin.VerifyElementNotPresentKeyword.verifyElementNotPresent(VerifyElementNotPresentKeyword.groovy:97)
	at com.kms.katalon.core.webui.keyword.builtin.VerifyElementNotPresentKeyword.execute(VerifyElementNotPresentKeyword.groovy:68)
	at com.kms.katalon.core.keyword.internal.KeywordExecutor.executeKeywordForPlatform(KeywordExecutor.groovy:74)
	at com.kms.katalon.core.webui.keyword.WebUiBuiltInKeywords.verifyElementNotPresent(WebUiBuiltInKeywords.groovy:1497)
	at com.kms.katalon.core.webui.keyword.WebUiBuiltInKeywords$verifyElementNotPresent$9.call(Unknown Source)
	at Login con usuario incorrecto.run(Login con usuario incorrecto:43)
	at com.kms.katalon.core.main.ScriptEngine.run(ScriptEngine.java:194)
	at com.kms.katalon.core.main.ScriptEngine.runScriptAsRawText(ScriptEngine.java:119)
	at com.kms.katalon.core.main.TestCaseExecutor.runScript(TestCaseExecutor.java:448)
	at com.kms.katalon.core.main.TestCaseExecutor.doExecute(TestCaseExecutor.java:439)
	at com.kms.katalon.core.main.TestCaseExecutor.processExecutionPhase(TestCaseExecutor.java:418)
	at com.kms.katalon.core.main.TestCaseExecutor.accessMainPhase(TestCaseExecutor.java:410)
	at com.kms.katalon.core.main.TestCaseExecutor.execute(TestCaseExecutor.java:285)
	at com.kms.katalon.core.main.TestCaseExecutor.execute(TestCaseExecutor.java:369)
	at com.kms.katalon.core.main.TestCaseExecutor.execute(TestCaseExecutor.java:369)
	at com.kms.katalon.core.main.TestCaseExecutor.execute(TestCaseExecutor.java:369)
	at com.kms.katalon.core.common.CommonExecutor.accessTestCaseMainPhase(CommonExecutor.java:65)
	at com.kms.katalon.core.main.TestSuiteExecutor.accessTestSuiteMainPhase(TestSuiteExecutor.java:148)
	at com.kms.katalon.core.main.TestSuiteExecutor.execute(TestSuiteExecutor.java:106)
	at com.kms.katalon.core.main.TestCaseMain.startTestSuite(TestCaseMain.java:187)
	at com.kms.katalon.core.main.TestCaseMain$startTestSuite$0.call(Unknown Source)
	at TempTestSuite1680688716381.run(TempTestSuite1680688716381.groovy:36)
Caused by: com.kms.katalon.core.exception.StepFailedException: Web element with id: 'Object Repository/Web reserva de citas/Menu de la aplicación/Botón de logout' located by 'By.xpath: //a[contains(text(),'Logout')]' is present after '30' second(s)
	at com.kms.katalon.core.webui.keyword.internal.WebUIKeywordMain.stepFailed(WebUIKeywordMain.groovy:64)
	at com.kms.katalon.core.webui.keyword.internal.WebUIKeywordMain$stepFailed$0.call(Unknown Source)
	at com.kms.katalon.core.webui.keyword.builtin.VerifyElementNotPresentKeyword$_verifyElementNotPresent_closure1.doCall(VerifyElementNotPresentKeyword.groovy:85)
	at com.kms.katalon.core.webui.keyword.builtin.VerifyElementNotPresentKeyword$_verifyElementNotPresent_closure1.doCall(VerifyElementNotPresentKeyword.groovy)
	at com.kms.katalon.core.webui.keyword.internal.WebUIKeywordMain.runKeyword(WebUIKeywordMain.groovy:20)
	... 23 more
"/>
         <system-out><![CDATA[2023-04-05 11:59:44 - [TEST_CASE][FAILED] - Test Cases/Web reserva de citas/Formulario de Login/Login con usuario incorrecto: Test Cases/Web reserva de citas/Formulario de Login/Login con usuario incorrecto FAILED.
Reason:
com.kms.katalon.core.exception.StepFailedException: Unable to verify object 'Object Repository/Web reserva de citas/Menu de la aplicación/Botón de logout' is not present
	at com.kms.katalon.core.webui.keyword.internal.WebUIKeywordMain.stepFailed(WebUIKeywordMain.groovy:64)
	at com.kms.katalon.core.webui.keyword.internal.WebUIKeywordMain.runKeyword(WebUIKeywordMain.groovy:26)
	at com.kms.katalon.core.webui.keyword.internal.WebUIKeywordMain$runKeyword.call(Unknown Source)
	at com.kms.katalon.core.webui.keyword.builtin.VerifyElementNotPresentKeyword.verifyElementNotPresent(VerifyElementNotPresentKeyword.groovy:97)
	at com.kms.katalon.core.webui.keyword.builtin.VerifyElementNotPresentKeyword.execute(VerifyElementNotPresentKeyword.groovy:68)
	at com.kms.katalon.core.keyword.internal.KeywordExecutor.executeKeywordForPlatform(KeywordExecutor.groovy:74)
	at com.kms.katalon.core.webui.keyword.WebUiBuiltInKeywords.verifyElementNotPresent(WebUiBuiltInKeywords.groovy:1497)
	at com.kms.katalon.core.webui.keyword.WebUiBuiltInKeywords$verifyElementNotPresent$9.call(Unknown Source)
	at Login con usuario incorrecto.run(Login con usuario incorrecto:43)
	at com.kms.katalon.core.main.ScriptEngine.run(ScriptEngine.java:194)
	at com.kms.katalon.core.main.ScriptEngine.runScriptAsRawText(ScriptEngine.java:119)
	at com.kms.katalon.core.main.TestCaseExecutor.runScript(TestCaseExecutor.java:448)
	at com.kms.katalon.core.main.TestCaseExecutor.doExecute(TestCaseExecutor.java:439)
	at com.kms.katalon.core.main.TestCaseExecutor.processExecutionPhase(TestCaseExecutor.java:418)
	at com.kms.katalon.core.main.TestCaseExecutor.accessMainPhase(TestCaseExecutor.java:410)
	at com.kms.katalon.core.main.TestCaseExecutor.execute(TestCaseExecutor.java:285)
	at com.kms.katalon.core.main.TestCaseExecutor.execute(TestCaseExecutor.java:369)
	at com.kms.katalon.core.main.TestCaseExecutor.execute(TestCaseExecutor.java:369)
	at com.kms.katalon.core.main.TestCaseExecutor.execute(TestCaseExecutor.java:369)
	at com.kms.katalon.core.common.CommonExecutor.accessTestCaseMainPhase(CommonExecutor.java:65)
	at com.kms.katalon.core.main.TestSuiteExecutor.accessTestSuiteMainPhase(TestSuiteExecutor.java:148)
	at com.kms.katalon.core.main.TestSuiteExecutor.execute(TestSuiteExecutor.java:106)
	at com.kms.katalon.core.main.TestCaseMain.startTestSuite(TestCaseMain.java:187)
	at com.kms.katalon.core.main.TestCaseMain$startTestSuite$0.call(Unknown Source)
	at TempTestSuite1680688716381.run(TempTestSuite1680688716381.groovy:36)
Caused by: com.kms.katalon.core.exception.StepFailedException: Web element with id: 'Object Repository/Web reserva de citas/Menu de la aplicación/Botón de logout' located by 'By.xpath: //a[contains(text(),'Logout')]' is present after '30' second(s)
	at com.kms.katalon.core.webui.keyword.internal.WebUIKeywordMain.stepFailed(WebUIKeywordMain.groovy:64)
	at com.kms.katalon.core.webui.keyword.internal.WebUIKeywordMain$stepFailed$0.call(Unknown Source)
	at com.kms.katalon.core.webui.keyword.builtin.VerifyElementNotPresentKeyword$_verifyElementNotPresent_closure1.doCall(VerifyElementNotPresentKeyword.groovy:85)
	at com.kms.katalon.core.webui.keyword.builtin.VerifyElementNotPresentKeyword$_verifyElementNotPresent_closure1.doCall(VerifyElementNotPresentKeyword.groovy)
	at com.kms.katalon.core.webui.keyword.internal.WebUIKeywordMain.runKeyword(WebUIKeywordMain.groovy:20)
	... 23 more


2023-04-05 11:59:44 - [TEST_STEP][PASSED] - openBrowser(""): Browser is opened with url: ''

2023-04-05 11:59:44 - [MESSAGE][INFO] - Starting 'Chrome' driver

2023-04-05 11:59:44 - [MESSAGE][INFO] - Action delay is set to 0 milliseconds

2023-04-05 11:59:46 - [MESSAGE][PASSED] - Browser is opened with url: ''

2023-04-05 11:59:46 - [TEST_STEP][FAILED] - try: Unable to verify object 'Object Repository/Web reserva de citas/Menu de la aplicación/Botón de logout' is not present (Root cause: com.kms.katalon.core.exception.StepFailedException: Unable to verify object 'Object Repository/Web reserva de citas/Menu de la aplicación/Botón de logout' is not present
	at com.kms.katalon.core.webui.keyword.internal.WebUIKeywordMain.stepFailed(WebUIKeywordMain.groovy:64)
	at com.kms.katalon.core.webui.keyword.internal.WebUIKeywordMain.runKeyword(WebUIKeywordMain.groovy:26)
	at com.kms.katalon.core.webui.keyword.internal.WebUIKeywordMain$runKeyword.call(Unknown Source)
	at com.kms.katalon.core.webui.keyword.builtin.VerifyElementNotPresentKeyword.verifyElementNotPresent(VerifyElementNotPresentKeyword.groovy:97)
	at com.kms.katalon.core.webui.keyword.builtin.VerifyElementNotPresentKeyword.execute(VerifyElementNotPresentKeyword.groovy:68)
	at com.kms.katalon.core.keyword.internal.KeywordExecutor.executeKeywordForPlatform(KeywordExecutor.groovy:74)
	at com.kms.katalon.core.webui.keyword.WebUiBuiltInKeywords.verifyElementNotPresent(WebUiBuiltInKeywords.groovy:1497)
	at com.kms.katalon.core.webui.keyword.WebUiBuiltInKeywords$verifyElementNotPresent$9.call(Unknown Source)
	at Login con usuario incorrecto.run(Login con usuario incorrecto:43)
	at com.kms.katalon.core.main.ScriptEngine.run(ScriptEngine.java:194)
	at com.kms.katalon.core.main.ScriptEngine.runScriptAsRawText(ScriptEngine.java:119)
	at com.kms.katalon.core.main.TestCaseExecutor.runScript(TestCaseExecutor.java:448)
	at com.kms.katalon.core.main.TestCaseExecutor.doExecute(TestCaseExecutor.java:439)
	at com.kms.katalon.core.main.TestCaseExecutor.processExecutionPhase(TestCaseExecutor.java:418)
	at com.kms.katalon.core.main.TestCaseExecutor.accessMainPhase(TestCaseExecutor.java:410)
	at com.kms.katalon.core.main.TestCaseExecutor.execute(TestCaseExecutor.java:285)
	at com.kms.katalon.core.main.TestCaseExecutor.execute(TestCaseExecutor.java:369)
	at com.kms.katalon.core.main.TestCaseExecutor.execute(TestCaseExecutor.java:369)
	at com.kms.katalon.core.main.TestCaseExecutor.execute(TestCaseExecutor.java:369)
	at com.kms.katalon.core.common.CommonExecutor.accessTestCaseMainPhase(CommonExecutor.java:65)
	at com.kms.katalon.core.main.TestSuiteExecutor.accessTestSuiteMainPhase(TestSuiteExecutor.java:148)
	at com.kms.katalon.core.main.TestSuiteExecutor.execute(TestSuiteExecutor.java:106)
	at com.kms.katalon.core.main.TestCaseMain.startTestSuite(TestCaseMain.java:187)
	at com.kms.katalon.core.main.TestCaseMain$startTestSuite$0.call(Unknown Source)
	at TempTestSuite1680688716381.run(TempTestSuite1680688716381.groovy:36)
Caused by: com.kms.katalon.core.exception.StepFailedException: Web element with id: 'Object Repository/Web reserva de citas/Menu de la aplicación/Botón de logout' located by 'By.xpath: //a[contains(text(),'Logout')]' is present after '30' second(s)
	at com.kms.katalon.core.webui.keyword.internal.WebUIKeywordMain.stepFailed(WebUIKeywordMain.groovy:64)
	at com.kms.katalon.core.webui.keyword.internal.WebUIKeywordMain$stepFailed$0.call(Unknown Source)
	at com.kms.katalon.core.webui.keyword.builtin.VerifyElementNotPresentKeyword$_verifyElementNotPresent_closure1.doCall(VerifyElementNotPresentKeyword.groovy:85)
	at com.kms.katalon.core.webui.keyword.builtin.VerifyElementNotPresentKeyword$_verifyElementNotPresent_closure1.doCall(VerifyElementNotPresentKeyword.groovy)
	at com.kms.katalon.core.webui.keyword.internal.WebUIKeywordMain.runKeyword(WebUIKeywordMain.groovy:20)
	... 23 more
)

2023-04-05 11:59:46 - [TEST_STEP][PASSED] - navigateToUrl("https://katalon-demo-cura.herokuapp.com/"): Navigate to 'https://katalon-demo-cura.herokuapp.com/' successfully

2023-04-05 11:59:48 - [MESSAGE][PASSED] - Navigate to 'https://katalon-demo-cura.herokuapp.com/' successfully

2023-04-05 11:59:48 - [TEST_STEP][PASSED] - click(findTestObject("Web reserva de citas/Formulario de login/Botón de reservar cita")): Object: 'Object Repository/Web reserva de citas/Formulario de login/Botón de reservar cita' is clicked on

2023-04-05 11:59:49 - [MESSAGE][PASSED] - Object: 'Object Repository/Web reserva de citas/Formulario de login/Botón de reservar cita' is clicked on

2023-04-05 11:59:49 - [TEST_STEP][PASSED] - sendKeys(findTestObject("Web reserva de citas/Formulario de login/Input del nombre del usuario"), nombre_usuario): Keys 'John Doe' sent to object: 'Object Repository/Web reserva de citas/Formulario de login/Input del nombre del usuario'

2023-04-05 11:59:49 - [MESSAGE][PASSED] - Keys 'John Doe' sent to object: 'Object Repository/Web reserva de citas/Formulario de login/Input del nombre del usuario'

2023-04-05 11:59:49 - [TEST_STEP][PASSED] - sendKeys(findTestObject("Web reserva de citas/Formulario de login/Input de la contraseña"), password_usuario): Keys 'ThisIsNotAPassword' sent to object: 'Object Repository/Web reserva de citas/Formulario de login/Input de la contraseña'

2023-04-05 11:59:50 - [MESSAGE][PASSED] - Keys 'ThisIsNotAPassword' sent to object: 'Object Repository/Web reserva de citas/Formulario de login/Input de la contraseña'

2023-04-05 11:59:50 - [TEST_STEP][PASSED] - click(findTestObject("Web reserva de citas/Formulario de login/Botón de login")): Object: 'Object Repository/Web reserva de citas/Formulario de login/Botón de login' is clicked on

2023-04-05 11:59:51 - [MESSAGE][PASSED] - Object: 'Object Repository/Web reserva de citas/Formulario de login/Botón de login' is clicked on

2023-04-05 11:59:51 - [TEST_STEP][PASSED] - click(findTestObject("Web reserva de citas/Menu de la aplicación/Botón mostrar menu")): Object: 'Object Repository/Web reserva de citas/Menu de la aplicación/Botón mostrar menu' is clicked on

2023-04-05 11:59:51 - [MESSAGE][PASSED] - Object: 'Object Repository/Web reserva de citas/Menu de la aplicación/Botón mostrar menu' is clicked on

2023-04-05 11:59:51 - [TEST_STEP][FAILED] - verifyElementNotPresent(findTestObject("Web reserva de citas/Menu de la aplicación/Botón de logout"), 0): Unable to verify object 'Object Repository/Web reserva de citas/Menu de la aplicación/Botón de logout' is not present (Root cause: com.kms.katalon.core.exception.StepFailedException: Unable to verify object 'Object Repository/Web reserva de citas/Menu de la aplicación/Botón de logout' is not present
	at com.kms.katalon.core.webui.keyword.internal.WebUIKeywordMain.stepFailed(WebUIKeywordMain.groovy:64)
	at com.kms.katalon.core.webui.keyword.internal.WebUIKeywordMain.runKeyword(WebUIKeywordMain.groovy:26)
	at com.kms.katalon.core.webui.keyword.internal.WebUIKeywordMain$runKeyword.call(Unknown Source)
	at com.kms.katalon.core.webui.keyword.builtin.VerifyElementNotPresentKeyword.verifyElementNotPresent(VerifyElementNotPresentKeyword.groovy:97)
	at com.kms.katalon.core.webui.keyword.builtin.VerifyElementNotPresentKeyword.execute(VerifyElementNotPresentKeyword.groovy:68)
	at com.kms.katalon.core.keyword.internal.KeywordExecutor.executeKeywordForPlatform(KeywordExecutor.groovy:74)
	at com.kms.katalon.core.webui.keyword.WebUiBuiltInKeywords.verifyElementNotPresent(WebUiBuiltInKeywords.groovy:1497)
	at com.kms.katalon.core.webui.keyword.WebUiBuiltInKeywords$verifyElementNotPresent$9.call(Unknown Source)
	at Login con usuario incorrecto.run(Login con usuario incorrecto:43)
	at com.kms.katalon.core.main.ScriptEngine.run(ScriptEngine.java:194)
	at com.kms.katalon.core.main.ScriptEngine.runScriptAsRawText(ScriptEngine.java:119)
	at com.kms.katalon.core.main.TestCaseExecutor.runScript(TestCaseExecutor.java:448)
	at com.kms.katalon.core.main.TestCaseExecutor.doExecute(TestCaseExecutor.java:439)
	at com.kms.katalon.core.main.TestCaseExecutor.processExecutionPhase(TestCaseExecutor.java:418)
	at com.kms.katalon.core.main.TestCaseExecutor.accessMainPhase(TestCaseExecutor.java:410)
	at com.kms.katalon.core.main.TestCaseExecutor.execute(TestCaseExecutor.java:285)
	at com.kms.katalon.core.main.TestCaseExecutor.execute(TestCaseExecutor.java:369)
	at com.kms.katalon.core.main.TestCaseExecutor.execute(TestCaseExecutor.java:369)
	at com.kms.katalon.core.main.TestCaseExecutor.execute(TestCaseExecutor.java:369)
	at com.kms.katalon.core.common.CommonExecutor.accessTestCaseMainPhase(CommonExecutor.java:65)
	at com.kms.katalon.core.main.TestSuiteExecutor.accessTestSuiteMainPhase(TestSuiteExecutor.java:148)
	at com.kms.katalon.core.main.TestSuiteExecutor.execute(TestSuiteExecutor.java:106)
	at com.kms.katalon.core.main.TestCaseMain.startTestSuite(TestCaseMain.java:187)
	at com.kms.katalon.core.main.TestCaseMain$startTestSuite$0.call(Unknown Source)
	at TempTestSuite1680688716381.run(TempTestSuite1680688716381.groovy:36)
Caused by: com.kms.katalon.core.exception.StepFailedException: Web element with id: 'Object Repository/Web reserva de citas/Menu de la aplicación/Botón de logout' located by 'By.xpath: //a[contains(text(),'Logout')]' is present after '30' second(s)
	at com.kms.katalon.core.webui.keyword.internal.WebUIKeywordMain.stepFailed(WebUIKeywordMain.groovy:64)
	at com.kms.katalon.core.webui.keyword.internal.WebUIKeywordMain$stepFailed$0.call(Unknown Source)
	at com.kms.katalon.core.webui.keyword.builtin.VerifyElementNotPresentKeyword$_verifyElementNotPresent_closure1.doCall(VerifyElementNotPresentKeyword.groovy:85)
	at com.kms.katalon.core.webui.keyword.builtin.VerifyElementNotPresentKeyword$_verifyElementNotPresent_closure1.doCall(VerifyElementNotPresentKeyword.groovy)
	at com.kms.katalon.core.webui.keyword.internal.WebUIKeywordMain.runKeyword(WebUIKeywordMain.groovy:20)
	... 23 more
)

2023-04-05 11:59:51 - [MESSAGE][WARNING] - Timeout '0' is invalid. Using default page load timeout: '30'

2023-04-05 11:59:52 - [MESSAGE][FAILED] - Web element with id: 'Object Repository/Web reserva de citas/Menu de la aplicación/Botón de logout' located by 'By.xpath: //a[contains(text(),'Logout')]' is present after '30' second(s) (Root cause: com.kms.katalon.core.exception.StepFailedException: Web element with id: 'Object Repository/Web reserva de citas/Menu de la aplicación/Botón de logout' located by 'By.xpath: //a[contains(text(),'Logout')]' is present after '30' second(s)
	at com.kms.katalon.core.webui.keyword.internal.WebUIKeywordMain.stepFailed(WebUIKeywordMain.groovy:64)
	at com.kms.katalon.core.webui.keyword.internal.WebUIKeywordMain$stepFailed$0.call(Unknown Source)
	at com.kms.katalon.core.webui.keyword.builtin.VerifyElementNotPresentKeyword$_verifyElementNotPresent_closure1.doCall(VerifyElementNotPresentKeyword.groovy:85)
	at com.kms.katalon.core.webui.keyword.builtin.VerifyElementNotPresentKeyword$_verifyElementNotPresent_closure1.doCall(VerifyElementNotPresentKeyword.groovy)
	at com.kms.katalon.core.webui.keyword.internal.WebUIKeywordMain.runKeyword(WebUIKeywordMain.groovy:20)
	at com.kms.katalon.core.webui.keyword.internal.WebUIKeywordMain$runKeyword.call(Unknown Source)
	at com.kms.katalon.core.webui.keyword.builtin.VerifyElementNotPresentKeyword.verifyElementNotPresent(VerifyElementNotPresentKeyword.groovy:97)
	at com.kms.katalon.core.webui.keyword.builtin.VerifyElementNotPresentKeyword.execute(VerifyElementNotPresentKeyword.groovy:68)
	at com.kms.katalon.core.keyword.internal.KeywordExecutor.executeKeywordForPlatform(KeywordExecutor.groovy:74)
	at com.kms.katalon.core.webui.keyword.WebUiBuiltInKeywords.verifyElementNotPresent(WebUiBuiltInKeywords.groovy:1497)
	at com.kms.katalon.core.webui.keyword.WebUiBuiltInKeywords$verifyElementNotPresent$9.call(Unknown Source)
	at Login con usuario incorrecto.run(Login con usuario incorrecto:43)
	at com.kms.katalon.core.main.ScriptEngine.run(ScriptEngine.java:194)
	at com.kms.katalon.core.main.ScriptEngine.runScriptAsRawText(ScriptEngine.java:119)
	at com.kms.katalon.core.main.TestCaseExecutor.runScript(TestCaseExecutor.java:448)
	at com.kms.katalon.core.main.TestCaseExecutor.doExecute(TestCaseExecutor.java:439)
	at com.kms.katalon.core.main.TestCaseExecutor.processExecutionPhase(TestCaseExecutor.java:418)
	at com.kms.katalon.core.main.TestCaseExecutor.accessMainPhase(TestCaseExecutor.java:410)
	at com.kms.katalon.core.main.TestCaseExecutor.execute(TestCaseExecutor.java:285)
	at com.kms.katalon.core.main.TestCaseExecutor.execute(TestCaseExecutor.java:369)
	at com.kms.katalon.core.main.TestCaseExecutor.execute(TestCaseExecutor.java:369)
	at com.kms.katalon.core.main.TestCaseExecutor.execute(TestCaseExecutor.java:369)
	at com.kms.katalon.core.common.CommonExecutor.accessTestCaseMainPhase(CommonExecutor.java:65)
	at com.kms.katalon.core.main.TestSuiteExecutor.accessTestSuiteMainPhase(TestSuiteExecutor.java:148)
	at com.kms.katalon.core.main.TestSuiteExecutor.execute(TestSuiteExecutor.java:106)
	at com.kms.katalon.core.main.TestCaseMain.startTestSuite(TestCaseMain.java:187)
	at com.kms.katalon.core.main.TestCaseMain$startTestSuite$0.call(Unknown Source)
	at TempTestSuite1680688716381.run(TempTestSuite1680688716381.groovy:36)
)
[[ATTACHMENT|C:\\Users\\ivano\\git\\pruebasKatalon\\Reports\\20230405_115836\\WebReservaCitas\\Pruebas de login\\20230405_115836\\1680688792363.png]]

2023-04-05 11:59:53 - [MESSAGE][FAILED] - Unable to verify object 'Object Repository/Web reserva de citas/Menu de la aplicación/Botón de logout' is not present (Root cause: com.kms.katalon.core.exception.StepFailedException: Unable to verify object 'Object Repository/Web reserva de citas/Menu de la aplicación/Botón de logout' is not present
	at com.kms.katalon.core.webui.keyword.internal.WebUIKeywordMain.stepFailed(WebUIKeywordMain.groovy:64)
	at com.kms.katalon.core.webui.keyword.internal.WebUIKeywordMain.runKeyword(WebUIKeywordMain.groovy:26)
	at com.kms.katalon.core.webui.keyword.internal.WebUIKeywordMain$runKeyword.call(Unknown Source)
	at com.kms.katalon.core.webui.keyword.builtin.VerifyElementNotPresentKeyword.verifyElementNotPresent(VerifyElementNotPresentKeyword.groovy:97)
	at com.kms.katalon.core.webui.keyword.builtin.VerifyElementNotPresentKeyword.execute(VerifyElementNotPresentKeyword.groovy:68)
	at com.kms.katalon.core.keyword.internal.KeywordExecutor.executeKeywordForPlatform(KeywordExecutor.groovy:74)
	at com.kms.katalon.core.webui.keyword.WebUiBuiltInKeywords.verifyElementNotPresent(WebUiBuiltInKeywords.groovy:1497)
	at com.kms.katalon.core.webui.keyword.WebUiBuiltInKeywords$verifyElementNotPresent$9.call(Unknown Source)
	at Login con usuario incorrecto.run(Login con usuario incorrecto:43)
	at com.kms.katalon.core.main.ScriptEngine.run(ScriptEngine.java:194)
	at com.kms.katalon.core.main.ScriptEngine.runScriptAsRawText(ScriptEngine.java:119)
	at com.kms.katalon.core.main.TestCaseExecutor.runScript(TestCaseExecutor.java:448)
	at com.kms.katalon.core.main.TestCaseExecutor.doExecute(TestCaseExecutor.java:439)
	at com.kms.katalon.core.main.TestCaseExecutor.processExecutionPhase(TestCaseExecutor.java:418)
	at com.kms.katalon.core.main.TestCaseExecutor.accessMainPhase(TestCaseExecutor.java:410)
	at com.kms.katalon.core.main.TestCaseExecutor.execute(TestCaseExecutor.java:285)
	at com.kms.katalon.core.main.TestCaseExecutor.execute(TestCaseExecutor.java:369)
	at com.kms.katalon.core.main.TestCaseExecutor.execute(TestCaseExecutor.java:369)
	at com.kms.katalon.core.main.TestCaseExecutor.execute(TestCaseExecutor.java:369)
	at com.kms.katalon.core.common.CommonExecutor.accessTestCaseMainPhase(CommonExecutor.java:65)
	at com.kms.katalon.core.main.TestSuiteExecutor.accessTestSuiteMainPhase(TestSuiteExecutor.java:148)
	at com.kms.katalon.core.main.TestSuiteExecutor.execute(TestSuiteExecutor.java:106)
	at com.kms.katalon.core.main.TestCaseMain.startTestSuite(TestCaseMain.java:187)
	at com.kms.katalon.core.main.TestCaseMain$startTestSuite$0.call(Unknown Source)
	at TempTestSuite1680688716381.run(TempTestSuite1680688716381.groovy:36)
Caused by: com.kms.katalon.core.exception.StepFailedException: Web element with id: 'Object Repository/Web reserva de citas/Menu de la aplicación/Botón de logout' located by 'By.xpath: //a[contains(text(),'Logout')]' is present after '30' second(s)
	at com.kms.katalon.core.webui.keyword.internal.WebUIKeywordMain.stepFailed(WebUIKeywordMain.groovy:64)
	at com.kms.katalon.core.webui.keyword.internal.WebUIKeywordMain$stepFailed$0.call(Unknown Source)
	at com.kms.katalon.core.webui.keyword.builtin.VerifyElementNotPresentKeyword$_verifyElementNotPresent_closure1.doCall(VerifyElementNotPresentKeyword.groovy:85)
	at com.kms.katalon.core.webui.keyword.builtin.VerifyElementNotPresentKeyword$_verifyElementNotPresent_closure1.doCall(VerifyElementNotPresentKeyword.groovy)
	at com.kms.katalon.core.webui.keyword.internal.WebUIKeywordMain.runKeyword(WebUIKeywordMain.groovy:20)
	... 23 more
)
[[ATTACHMENT|C:\\Users\\ivano\\git\\pruebasKatalon\\Reports\\20230405_115836\\WebReservaCitas\\Pruebas de login\\20230405_115836\\1680688792853.png]]

2023-04-05 11:59:53 - [TEST_STEP][PASSED] - Finally: Browser is closed

2023-04-05 11:59:53 - [TEST_STEP][PASSED] - closeBrowser(): Browser is closed

2023-04-05 11:59:54 - [MESSAGE][PASSED] - Browser is closed]]></system-out>
         <system-err><![CDATA[2023-04-05 11:59:44 - [TEST_CASE][FAILED] - Test Cases/Web reserva de citas/Formulario de Login/Login con usuario incorrecto: Test Cases/Web reserva de citas/Formulario de Login/Login con usuario incorrecto FAILED.
Reason:
com.kms.katalon.core.exception.StepFailedException: Unable to verify object 'Object Repository/Web reserva de citas/Menu de la aplicación/Botón de logout' is not present
	at com.kms.katalon.core.webui.keyword.internal.WebUIKeywordMain.stepFailed(WebUIKeywordMain.groovy:64)
	at com.kms.katalon.core.webui.keyword.internal.WebUIKeywordMain.runKeyword(WebUIKeywordMain.groovy:26)
	at com.kms.katalon.core.webui.keyword.internal.WebUIKeywordMain$runKeyword.call(Unknown Source)
	at com.kms.katalon.core.webui.keyword.builtin.VerifyElementNotPresentKeyword.verifyElementNotPresent(VerifyElementNotPresentKeyword.groovy:97)
	at com.kms.katalon.core.webui.keyword.builtin.VerifyElementNotPresentKeyword.execute(VerifyElementNotPresentKeyword.groovy:68)
	at com.kms.katalon.core.keyword.internal.KeywordExecutor.executeKeywordForPlatform(KeywordExecutor.groovy:74)
	at com.kms.katalon.core.webui.keyword.WebUiBuiltInKeywords.verifyElementNotPresent(WebUiBuiltInKeywords.groovy:1497)
	at com.kms.katalon.core.webui.keyword.WebUiBuiltInKeywords$verifyElementNotPresent$9.call(Unknown Source)
	at Login con usuario incorrecto.run(Login con usuario incorrecto:43)
	at com.kms.katalon.core.main.ScriptEngine.run(ScriptEngine.java:194)
	at com.kms.katalon.core.main.ScriptEngine.runScriptAsRawText(ScriptEngine.java:119)
	at com.kms.katalon.core.main.TestCaseExecutor.runScript(TestCaseExecutor.java:448)
	at com.kms.katalon.core.main.TestCaseExecutor.doExecute(TestCaseExecutor.java:439)
	at com.kms.katalon.core.main.TestCaseExecutor.processExecutionPhase(TestCaseExecutor.java:418)
	at com.kms.katalon.core.main.TestCaseExecutor.accessMainPhase(TestCaseExecutor.java:410)
	at com.kms.katalon.core.main.TestCaseExecutor.execute(TestCaseExecutor.java:285)
	at com.kms.katalon.core.main.TestCaseExecutor.execute(TestCaseExecutor.java:369)
	at com.kms.katalon.core.main.TestCaseExecutor.execute(TestCaseExecutor.java:369)
	at com.kms.katalon.core.main.TestCaseExecutor.execute(TestCaseExecutor.java:369)
	at com.kms.katalon.core.common.CommonExecutor.accessTestCaseMainPhase(CommonExecutor.java:65)
	at com.kms.katalon.core.main.TestSuiteExecutor.accessTestSuiteMainPhase(TestSuiteExecutor.java:148)
	at com.kms.katalon.core.main.TestSuiteExecutor.execute(TestSuiteExecutor.java:106)
	at com.kms.katalon.core.main.TestCaseMain.startTestSuite(TestCaseMain.java:187)
	at com.kms.katalon.core.main.TestCaseMain$startTestSuite$0.call(Unknown Source)
	at TempTestSuite1680688716381.run(TempTestSuite1680688716381.groovy:36)
Caused by: com.kms.katalon.core.exception.StepFailedException: Web element with id: 'Object Repository/Web reserva de citas/Menu de la aplicación/Botón de logout' located by 'By.xpath: //a[contains(text(),'Logout')]' is present after '30' second(s)
	at com.kms.katalon.core.webui.keyword.internal.WebUIKeywordMain.stepFailed(WebUIKeywordMain.groovy:64)
	at com.kms.katalon.core.webui.keyword.internal.WebUIKeywordMain$stepFailed$0.call(Unknown Source)
	at com.kms.katalon.core.webui.keyword.builtin.VerifyElementNotPresentKeyword$_verifyElementNotPresent_closure1.doCall(VerifyElementNotPresentKeyword.groovy:85)
	at com.kms.katalon.core.webui.keyword.builtin.VerifyElementNotPresentKeyword$_verifyElementNotPresent_closure1.doCall(VerifyElementNotPresentKeyword.groovy)
	at com.kms.katalon.core.webui.keyword.internal.WebUIKeywordMain.runKeyword(WebUIKeywordMain.groovy:20)
	... 23 more]]></system-err>
      </testcase>
      <system-out><![CDATA[2023-04-05 11:58:46 - [TEST_SUITE][FAILED] - Pruebas de login: Test Cases/Web reserva de citas/Formulario de Login/Login con usuario incorrecto FAILED.
Reason:
com.kms.katalon.core.exception.StepFailedException: Unable to verify object 'Object Repository/Web reserva de citas/Menu de la aplicación/Botón de logout' is not present
	at com.kms.katalon.core.webui.keyword.internal.WebUIKeywordMain.stepFailed(WebUIKeywordMain.groovy:64)
	at com.kms.katalon.core.webui.keyword.internal.WebUIKeywordMain.runKeyword(WebUIKeywordMain.groovy:26)
	at com.kms.katalon.core.webui.keyword.internal.WebUIKeywordMain$runKeyword.call(Unknown Source)
	at com.kms.katalon.core.webui.keyword.builtin.VerifyElementNotPresentKeyword.verifyElementNotPresent(VerifyElementNotPresentKeyword.groovy:97)
	at com.kms.katalon.core.webui.keyword.builtin.VerifyElementNotPresentKeyword.execute(VerifyElementNotPresentKeyword.groovy:68)
	at com.kms.katalon.core.keyword.internal.KeywordExecutor.executeKeywordForPlatform(KeywordExecutor.groovy:74)
	at com.kms.katalon.core.webui.keyword.WebUiBuiltInKeywords.verifyElementNotPresent(WebUiBuiltInKeywords.groovy:1497)
	at com.kms.katalon.core.webui.keyword.WebUiBuiltInKeywords$verifyElementNotPresent$9.call(Unknown Source)
	at Login con usuario incorrecto.run(Login con usuario incorrecto:43)
	at com.kms.katalon.core.main.ScriptEngine.run(ScriptEngine.java:194)
	at com.kms.katalon.core.main.ScriptEngine.runScriptAsRawText(ScriptEngine.java:119)
	at com.kms.katalon.core.main.TestCaseExecutor.runScript(TestCaseExecutor.java:448)
	at com.kms.katalon.core.main.TestCaseExecutor.doExecute(TestCaseExecutor.java:439)
	at com.kms.katalon.core.main.TestCaseExecutor.processExecutionPhase(TestCaseExecutor.java:418)
	at com.kms.katalon.core.main.TestCaseExecutor.accessMainPhase(TestCaseExecutor.java:410)
	at com.kms.katalon.core.main.TestCaseExecutor.execute(TestCaseExecutor.java:285)
	at com.kms.katalon.core.common.CommonExecutor.accessTestCaseMainPhase(CommonExecutor.java:65)
	at com.kms.katalon.core.main.TestSuiteExecutor.accessTestSuiteMainPhase(TestSuiteExecutor.java:148)
	at com.kms.katalon.core.main.TestSuiteExecutor.execute(TestSuiteExecutor.java:106)
	at com.kms.katalon.core.main.TestCaseMain.startTestSuite(TestCaseMain.java:187)
	at com.kms.katalon.core.main.TestCaseMain$startTestSuite$0.call(Unknown Source)
	at TempTestSuite1680688716381.run(TempTestSuite1680688716381.groovy:36)
Caused by: com.kms.katalon.core.exception.StepFailedException: Web element with id: 'Object Repository/Web reserva de citas/Menu de la aplicación/Botón de logout' located by 'By.xpath: //a[contains(text(),'Logout')]' is present after '30' second(s)
	at com.kms.katalon.core.webui.keyword.internal.WebUIKeywordMain.stepFailed(WebUIKeywordMain.groovy:64)
	at com.kms.katalon.core.webui.keyword.internal.WebUIKeywordMain$stepFailed$0.call(Unknown Source)
	at com.kms.katalon.core.webui.keyword.builtin.VerifyElementNotPresentKeyword$_verifyElementNotPresent_closure1.doCall(VerifyElementNotPresentKeyword.groovy:85)
	at com.kms.katalon.core.webui.keyword.builtin.VerifyElementNotPresentKeyword$_verifyElementNotPresent_closure1.doCall(VerifyElementNotPresentKeyword.groovy)
	at com.kms.katalon.core.webui.keyword.internal.WebUIKeywordMain.runKeyword(WebUIKeywordMain.groovy:20)
	... 20 more]]></system-out>
      <system-err><![CDATA[2023-04-05 11:58:46 - [TEST_SUITE][FAILED] - Pruebas de login: Test Cases/Web reserva de citas/Formulario de Login/Login con usuario incorrecto FAILED.
Reason:
com.kms.katalon.core.exception.StepFailedException: Unable to verify object 'Object Repository/Web reserva de citas/Menu de la aplicación/Botón de logout' is not present
	at com.kms.katalon.core.webui.keyword.internal.WebUIKeywordMain.stepFailed(WebUIKeywordMain.groovy:64)
	at com.kms.katalon.core.webui.keyword.internal.WebUIKeywordMain.runKeyword(WebUIKeywordMain.groovy:26)
	at com.kms.katalon.core.webui.keyword.internal.WebUIKeywordMain$runKeyword.call(Unknown Source)
	at com.kms.katalon.core.webui.keyword.builtin.VerifyElementNotPresentKeyword.verifyElementNotPresent(VerifyElementNotPresentKeyword.groovy:97)
	at com.kms.katalon.core.webui.keyword.builtin.VerifyElementNotPresentKeyword.execute(VerifyElementNotPresentKeyword.groovy:68)
	at com.kms.katalon.core.keyword.internal.KeywordExecutor.executeKeywordForPlatform(KeywordExecutor.groovy:74)
	at com.kms.katalon.core.webui.keyword.WebUiBuiltInKeywords.verifyElementNotPresent(WebUiBuiltInKeywords.groovy:1497)
	at com.kms.katalon.core.webui.keyword.WebUiBuiltInKeywords$verifyElementNotPresent$9.call(Unknown Source)
	at Login con usuario incorrecto.run(Login con usuario incorrecto:43)
	at com.kms.katalon.core.main.ScriptEngine.run(ScriptEngine.java:194)
	at com.kms.katalon.core.main.ScriptEngine.runScriptAsRawText(ScriptEngine.java:119)
	at com.kms.katalon.core.main.TestCaseExecutor.runScript(TestCaseExecutor.java:448)
	at com.kms.katalon.core.main.TestCaseExecutor.doExecute(TestCaseExecutor.java:439)
	at com.kms.katalon.core.main.TestCaseExecutor.processExecutionPhase(TestCaseExecutor.java:418)
	at com.kms.katalon.core.main.TestCaseExecutor.accessMainPhase(TestCaseExecutor.java:410)
	at com.kms.katalon.core.main.TestCaseExecutor.execute(TestCaseExecutor.java:285)
	at com.kms.katalon.core.common.CommonExecutor.accessTestCaseMainPhase(CommonExecutor.java:65)
	at com.kms.katalon.core.main.TestSuiteExecutor.accessTestSuiteMainPhase(TestSuiteExecutor.java:148)
	at com.kms.katalon.core.main.TestSuiteExecutor.execute(TestSuiteExecutor.java:106)
	at com.kms.katalon.core.main.TestCaseMain.startTestSuite(TestCaseMain.java:187)
	at com.kms.katalon.core.main.TestCaseMain$startTestSuite$0.call(Unknown Source)
	at TempTestSuite1680688716381.run(TempTestSuite1680688716381.groovy:36)
Caused by: com.kms.katalon.core.exception.StepFailedException: Web element with id: 'Object Repository/Web reserva de citas/Menu de la aplicación/Botón de logout' located by 'By.xpath: //a[contains(text(),'Logout')]' is present after '30' second(s)
	at com.kms.katalon.core.webui.keyword.internal.WebUIKeywordMain.stepFailed(WebUIKeywordMain.groovy:64)
	at com.kms.katalon.core.webui.keyword.internal.WebUIKeywordMain$stepFailed$0.call(Unknown Source)
	at com.kms.katalon.core.webui.keyword.builtin.VerifyElementNotPresentKeyword$_verifyElementNotPresent_closure1.doCall(VerifyElementNotPresentKeyword.groovy:85)
	at com.kms.katalon.core.webui.keyword.builtin.VerifyElementNotPresentKeyword$_verifyElementNotPresent_closure1.doCall(VerifyElementNotPresentKeyword.groovy)
	at com.kms.katalon.core.webui.keyword.internal.WebUIKeywordMain.runKeyword(WebUIKeywordMain.groovy:20)
	... 20 more]]></system-err>
   </testsuite>
</testsuites>
